<?xml version="1.0" encoding="UTF-8"?>
<robot generator="Robot 4.0.1 (Python 3.9.4 on darwin)" generated="20220303 10:36:20.569" rpa="false" schemaversion="2">
<suite id="s1" name="TestSuite" source="/Users/yacelismata/Documents/SpriteCloud/TestSuite">
<suite id="s1-s1" name="API TestCases" source="/Users/yacelismata/Documents/SpriteCloud/TestSuite/API_TestCases.robot">
<kw name="Create an API Session" library="API_resources" type="SETUP">
<kw name="Create Session" library="RequestsLibrary">
<arg>pets</arg>
<arg>${pets_url}</arg>
<doc>Create Session: create a HTTP session to a server</doc>
<msg timestamp="20220303 10:36:20.722" level="INFO">Creating Session using : alias=pets, url=https://petstore.swagger.io/v2/, headers={},                     cookies={}, auth=None, timeout=None, proxies=None, verify=False,                     debug=0 </msg>
<status status="PASS" starttime="20220303 10:36:20.722" endtime="20220303 10:36:20.722"/>
</kw>
<status status="PASS" starttime="20220303 10:36:20.721" endtime="20220303 10:36:20.722"/>
</kw>
<test id="s1-s1-t1" name="Verify a pet can be created">
<kw name="Create a pet" library="API_resources">
<kw name="Send a POST request" library="API_resources">
<arg>${endpoint}</arg>
<arg>${body}</arg>
<kw name="Create Dictionary" library="BuiltIn">
<var>${HEADERS}</var>
<arg>Content-Type=application/json</arg>
<arg>accept=application/json</arg>
<doc>Creates and returns a dictionary based on the given ``items``.</doc>
<msg timestamp="20220303 10:36:20.724" level="INFO">${HEADERS} = {'Content-Type': 'application/json', 'accept': 'application/json'}</msg>
<status status="PASS" starttime="20220303 10:36:20.724" endtime="20220303 10:36:20.724"/>
</kw>
<kw name="Post On Session" library="RequestsLibrary">
<var>${response}</var>
<arg>pets</arg>
<arg>url=/${endpoint}</arg>
<arg>headers=${HEADERS}</arg>
<arg>data=${body}</arg>
<arg>expected_status=200</arg>
<doc>Sends a POST request on a previously created HTTP Session.</doc>
<msg timestamp="20220303 10:36:21.142" level="INFO">POST Request : url=https://petstore.swagger.io/v2/pet 
 path_url=/v2/pet 
 headers={'User-Agent': 'python-requests/2.25.1', 'Accept-Encoding': 'gzip, deflate', 'accept': 'application/json', 'Connection': 'keep-alive', 'Content-Type': 'application/json', 'Content-Length': '188'} 
 body={"category":{"id":1,"name":"category1"},"name":"dog","photoUrls":["https://a-z-animals.com/media/Poodle-Canis-familiaris-white.jpg"],"tags":[{"id":1,"name":"poodle"}],"status":"available"} 
 </msg>
<msg timestamp="20220303 10:36:21.142" level="INFO">POST Response : url=https://petstore.swagger.io/v2/pet 
 status=200, reason=OK 
 headers={'Date': 'Thu, 03 Mar 2022 15:36:21 GMT', 'Content-Type': 'application/json', 'Transfer-Encoding': 'chunked', 'Connection': 'keep-alive', 'Access-Control-Allow-Origin': '*', 'Access-Control-Allow-Methods': 'GET, POST, DELETE, PUT', 'Access-Control-Allow-Headers': 'Content-Type, api_key, Authorization', 'Server': 'Jetty(9.2.9.v20150224)'} 
 body={"id":9223372000001087889,"category":{"id":1,"name":"category1"},"name":"dog","photoUrls":["https://a-z-animals.com/media/Poodle-Canis-familiaris-white.jpg"],"tags":[{"id":1,"name":"poodle"}],"status":"available"} 
 </msg>
<msg timestamp="20220303 10:36:21.142" level="INFO">/Library/Frameworks/Python.framework/Versions/3.9/lib/python3.9/site-packages/urllib3/connectionpool.py:1013: InsecureRequestWarning: Unverified HTTPS request is being made to host 'petstore.swagger.io'. Adding certificate verification is strongly advised. See: https://urllib3.readthedocs.io/en/latest/advanced-usage.html#ssl-warnings
  warnings.warn(</msg>
<msg timestamp="20220303 10:36:21.143" level="INFO">${response} = &lt;Response [200]&gt;</msg>
<status status="PASS" starttime="20220303 10:36:20.724" endtime="20220303 10:36:21.143"/>
</kw>
<kw name="Set Test Variable" library="BuiltIn">
<arg>${response}</arg>
<doc>Makes a variable available everywhere within the scope of the current test.</doc>
<msg timestamp="20220303 10:36:21.144" level="INFO">${response} = &lt;Response [200]&gt;</msg>
<status status="PASS" starttime="20220303 10:36:21.143" endtime="20220303 10:36:21.144"/>
</kw>
<status status="PASS" starttime="20220303 10:36:20.723" endtime="20220303 10:36:21.144"/>
</kw>
<kw name="Log" library="BuiltIn">
<arg>${response.content}</arg>
<doc>Logs the given message with the given level.</doc>
<msg timestamp="20220303 10:36:21.146" level="INFO">{"id":9223372000001087889,"category":{"id":1,"name":"category1"},"name":"dog","photoUrls":["https://a-z-animals.com/media/Poodle-Canis-familiaris-white.jpg"],"tags":[{"id":1,"name":"poodle"}],"status":"available"}</msg>
<status status="PASS" starttime="20220303 10:36:21.145" endtime="20220303 10:36:21.146"/>
</kw>
<kw name="Get The Json Response Data" library="API_resources">
<kw name="Evaluate" library="BuiltIn">
<var>${response}</var>
<arg>json.loads("""${logs}""")</arg>
<arg>json</arg>
<doc>Evaluates the given expression in Python and returns the result.</doc>
<msg timestamp="20220303 10:36:21.147" level="INFO">${response} = {'id': 9223372000001087889, 'category': {'id': 1, 'name': 'category1'}, 'name': 'dog', 'photoUrls': ['https://a-z-animals.com/media/Poodle-Canis-familiaris-white.jpg'], 'tags': [{'id': 1, 'name': 'poo...</msg>
<status status="PASS" starttime="20220303 10:36:21.147" endtime="20220303 10:36:21.148"/>
</kw>
<kw name="Set Test Variable" library="BuiltIn">
<arg>${response}</arg>
<doc>Makes a variable available everywhere within the scope of the current test.</doc>
<msg timestamp="20220303 10:36:21.148" level="INFO">${response} = {'id': 9223372000001087889, 'category': {'id': 1, 'name': 'category1'}, 'name': 'dog', 'photoUrls': ['https://a-z-animals.com/media/Poodle-Canis-familiaris-white.jpg'], 'tags': [{'id': 1, 'name': 'poo...</msg>
<status status="PASS" starttime="20220303 10:36:21.148" endtime="20220303 10:36:21.148"/>
</kw>
<status status="PASS" starttime="20220303 10:36:21.146" endtime="20220303 10:36:21.148"/>
</kw>
<status status="PASS" starttime="20220303 10:36:20.723" endtime="20220303 10:36:21.148"/>
</kw>
<kw name="Get attribute value" library="API_resources">
<var>${pet_id}</var>
<arg>$.id</arg>
<kw name="Get Value From Json" library="JSONLibrary">
<var>${att_value}</var>
<arg>${source}</arg>
<arg>${att}</arg>
<doc>Get Value From JSON using JSONPath</doc>
<msg timestamp="20220303 10:36:21.181" level="INFO">${att_value} = [9223372000001087889]</msg>
<status status="PASS" starttime="20220303 10:36:21.149" endtime="20220303 10:36:21.181"/>
</kw>
<kw name="Convert To String" library="BuiltIn">
<var>${att_value}</var>
<arg>${att_value}</arg>
<doc>Converts the given item to a Unicode string.</doc>
<msg timestamp="20220303 10:36:21.181" level="INFO">${att_value} = [9223372000001087889]</msg>
<status status="PASS" starttime="20220303 10:36:21.181" endtime="20220303 10:36:21.181"/>
</kw>
<kw name="Remove String" library="String">
<var>${att_value}</var>
<arg>${att_value}</arg>
<arg>[</arg>
<arg>'</arg>
<arg>]</arg>
<doc>Removes all ``removables`` from the given ``string``.</doc>
<msg timestamp="20220303 10:36:21.182" level="INFO">${att_value} = 9223372000001087889</msg>
<status status="PASS" starttime="20220303 10:36:21.182" endtime="20220303 10:36:21.182"/>
</kw>
<msg timestamp="20220303 10:36:21.182" level="INFO">${pet_id} = 9223372000001087889</msg>
<status status="PASS" starttime="20220303 10:36:21.149" endtime="20220303 10:36:21.182"/>
</kw>
<kw name="Get attribute value" library="API_resources">
<var>${pet_name}</var>
<arg>$.name</arg>
<kw name="Get Value From Json" library="JSONLibrary">
<var>${att_value}</var>
<arg>${source}</arg>
<arg>${att}</arg>
<doc>Get Value From JSON using JSONPath</doc>
<msg timestamp="20220303 10:36:21.215" level="INFO">${att_value} = ['dog']</msg>
<status status="PASS" starttime="20220303 10:36:21.183" endtime="20220303 10:36:21.215"/>
</kw>
<kw name="Convert To String" library="BuiltIn">
<var>${att_value}</var>
<arg>${att_value}</arg>
<doc>Converts the given item to a Unicode string.</doc>
<msg timestamp="20220303 10:36:21.215" level="INFO">${att_value} = ['dog']</msg>
<status status="PASS" starttime="20220303 10:36:21.215" endtime="20220303 10:36:21.215"/>
</kw>
<kw name="Remove String" library="String">
<var>${att_value}</var>
<arg>${att_value}</arg>
<arg>[</arg>
<arg>'</arg>
<arg>]</arg>
<doc>Removes all ``removables`` from the given ``string``.</doc>
<msg timestamp="20220303 10:36:21.216" level="INFO">${att_value} = dog</msg>
<status status="PASS" starttime="20220303 10:36:21.216" endtime="20220303 10:36:21.216"/>
</kw>
<msg timestamp="20220303 10:36:21.216" level="INFO">${pet_name} = dog</msg>
<status status="PASS" starttime="20220303 10:36:21.183" endtime="20220303 10:36:21.216"/>
</kw>
<kw name="Get attribute value" library="API_resources">
<var>${pet_tag_name}</var>
<arg>$.tags..name</arg>
<kw name="Get Value From Json" library="JSONLibrary">
<var>${att_value}</var>
<arg>${source}</arg>
<arg>${att}</arg>
<doc>Get Value From JSON using JSONPath</doc>
<msg timestamp="20220303 10:36:21.246" level="INFO">${att_value} = ['poodle']</msg>
<status status="PASS" starttime="20220303 10:36:21.217" endtime="20220303 10:36:21.246"/>
</kw>
<kw name="Convert To String" library="BuiltIn">
<var>${att_value}</var>
<arg>${att_value}</arg>
<doc>Converts the given item to a Unicode string.</doc>
<msg timestamp="20220303 10:36:21.247" level="INFO">${att_value} = ['poodle']</msg>
<status status="PASS" starttime="20220303 10:36:21.246" endtime="20220303 10:36:21.247"/>
</kw>
<kw name="Remove String" library="String">
<var>${att_value}</var>
<arg>${att_value}</arg>
<arg>[</arg>
<arg>'</arg>
<arg>]</arg>
<doc>Removes all ``removables`` from the given ``string``.</doc>
<msg timestamp="20220303 10:36:21.248" level="INFO">${att_value} = poodle</msg>
<status status="PASS" starttime="20220303 10:36:21.247" endtime="20220303 10:36:21.248"/>
</kw>
<msg timestamp="20220303 10:36:21.248" level="INFO">${pet_tag_name} = poodle</msg>
<status status="PASS" starttime="20220303 10:36:21.217" endtime="20220303 10:36:21.248"/>
</kw>
<kw name="Should Be Equal" library="BuiltIn">
<arg>${pet_name}</arg>
<arg>dog</arg>
<doc>Fails if the given objects are unequal.</doc>
<status status="PASS" starttime="20220303 10:36:21.248" endtime="20220303 10:36:21.249"/>
</kw>
<kw name="Should Be Equal" library="BuiltIn">
<arg>${pet_tag_name}</arg>
<arg>poodle</arg>
<doc>Fails if the given objects are unequal.</doc>
<status status="PASS" starttime="20220303 10:36:21.249" endtime="20220303 10:36:21.249"/>
</kw>
<kw name="Set Test Variable" library="BuiltIn">
<arg>${pet_id}</arg>
<doc>Makes a variable available everywhere within the scope of the current test.</doc>
<msg timestamp="20220303 10:36:21.250" level="INFO">${pet_id} = 9223372000001087889</msg>
<status status="PASS" starttime="20220303 10:36:21.250" endtime="20220303 10:36:21.250"/>
</kw>
<kw name="Delete a pet" library="API_resources" type="TEARDOWN">
<kw name="Wait Until Keyword Succeeds" library="BuiltIn">
<arg>1 min</arg>
<arg>5s</arg>
<arg>Send a DELETE request</arg>
<arg>pet/${id}</arg>
<doc>Runs the specified keyword and retries if it fails.</doc>
<kw name="Send a DELETE request" library="API_resources">
<arg>pet/${id}</arg>
<kw name="Create Dictionary" library="BuiltIn">
<var>${HEADERS}</var>
<arg>Content-Type=application/json</arg>
<arg>accept=application/json</arg>
<doc>Creates and returns a dictionary based on the given ``items``.</doc>
<msg timestamp="20220303 10:36:21.252" level="INFO">${HEADERS} = {'Content-Type': 'application/json', 'accept': 'application/json'}</msg>
<status status="PASS" starttime="20220303 10:36:21.252" endtime="20220303 10:36:21.252"/>
</kw>
<kw name="Delete On Session" library="RequestsLibrary">
<var>${response}</var>
<arg>pets</arg>
<arg>url=/${endpoint}</arg>
<arg>headers=${HEADERS}</arg>
<arg>expected_status=200</arg>
<doc>Sends a DELETE request on a previously created HTTP Session.</doc>
<msg timestamp="20220303 10:36:21.353" level="INFO">DELETE Request : url=https://petstore.swagger.io/v2/pet/9223372000001087889 
 path_url=/v2/pet/9223372000001087889 
 headers={'User-Agent': 'python-requests/2.25.1', 'Accept-Encoding': 'gzip, deflate', 'accept': 'application/json', 'Connection': 'keep-alive', 'Content-Type': 'application/json', 'Content-Length': '0'} 
 body=None 
 </msg>
<msg timestamp="20220303 10:36:21.353" level="INFO">DELETE Response : url=https://petstore.swagger.io/v2/pet/9223372000001087889 
 status=200, reason=OK 
 headers={'Date': 'Thu, 03 Mar 2022 15:36:21 GMT', 'Content-Type': 'application/json', 'Transfer-Encoding': 'chunked', 'Connection': 'keep-alive', 'Access-Control-Allow-Origin': '*', 'Access-Control-Allow-Methods': 'GET, POST, DELETE, PUT', 'Access-Control-Allow-Headers': 'Content-Type, api_key, Authorization', 'Server': 'Jetty(9.2.9.v20150224)'} 
 body={"code":200,"type":"unknown","message":"9223372000001087889"} 
 </msg>
<msg timestamp="20220303 10:36:21.353" level="INFO">/Library/Frameworks/Python.framework/Versions/3.9/lib/python3.9/site-packages/urllib3/connectionpool.py:1013: InsecureRequestWarning: Unverified HTTPS request is being made to host 'petstore.swagger.io'. Adding certificate verification is strongly advised. See: https://urllib3.readthedocs.io/en/latest/advanced-usage.html#ssl-warnings
  warnings.warn(</msg>
<msg timestamp="20220303 10:36:21.353" level="INFO">${response} = &lt;Response [200]&gt;</msg>
<status status="PASS" starttime="20220303 10:36:21.252" endtime="20220303 10:36:21.354"/>
</kw>
<kw name="Set Test Variable" library="BuiltIn">
<arg>${response}</arg>
<doc>Makes a variable available everywhere within the scope of the current test.</doc>
<msg timestamp="20220303 10:36:21.354" level="INFO">${response} = &lt;Response [200]&gt;</msg>
<status status="PASS" starttime="20220303 10:36:21.354" endtime="20220303 10:36:21.354"/>
</kw>
<status status="PASS" starttime="20220303 10:36:21.251" endtime="20220303 10:36:21.355"/>
</kw>
<status status="PASS" starttime="20220303 10:36:21.251" endtime="20220303 10:36:21.355"/>
</kw>
<kw name="Log" library="BuiltIn">
<arg>${response.content}</arg>
<doc>Logs the given message with the given level.</doc>
<msg timestamp="20220303 10:36:21.356" level="INFO">{"code":200,"type":"unknown","message":"9223372000001087889"}</msg>
<status status="PASS" starttime="20220303 10:36:21.355" endtime="20220303 10:36:21.356"/>
</kw>
<kw name="Get The Json Response Data" library="API_resources">
<kw name="Evaluate" library="BuiltIn">
<var>${response}</var>
<arg>json.loads("""${logs}""")</arg>
<arg>json</arg>
<doc>Evaluates the given expression in Python and returns the result.</doc>
<msg timestamp="20220303 10:36:21.358" level="INFO">${response} = {'code': 200, 'type': 'unknown', 'message': '9223372000001087889'}</msg>
<status status="PASS" starttime="20220303 10:36:21.357" endtime="20220303 10:36:21.358"/>
</kw>
<kw name="Set Test Variable" library="BuiltIn">
<arg>${response}</arg>
<doc>Makes a variable available everywhere within the scope of the current test.</doc>
<msg timestamp="20220303 10:36:21.358" level="INFO">${response} = {'code': 200, 'type': 'unknown', 'message': '9223372000001087889'}</msg>
<status status="PASS" starttime="20220303 10:36:21.358" endtime="20220303 10:36:21.358"/>
</kw>
<status status="PASS" starttime="20220303 10:36:21.356" endtime="20220303 10:36:21.359"/>
</kw>
<kw name="Get attribute value" library="API_resources">
<var>${response_message}</var>
<arg>$.message</arg>
<kw name="Get Value From Json" library="JSONLibrary">
<var>${att_value}</var>
<arg>${source}</arg>
<arg>${att}</arg>
<doc>Get Value From JSON using JSONPath</doc>
<msg timestamp="20220303 10:36:21.388" level="INFO">${att_value} = ['9223372000001087889']</msg>
<status status="PASS" starttime="20220303 10:36:21.360" endtime="20220303 10:36:21.388"/>
</kw>
<kw name="Convert To String" library="BuiltIn">
<var>${att_value}</var>
<arg>${att_value}</arg>
<doc>Converts the given item to a Unicode string.</doc>
<msg timestamp="20220303 10:36:21.388" level="INFO">${att_value} = ['9223372000001087889']</msg>
<status status="PASS" starttime="20220303 10:36:21.388" endtime="20220303 10:36:21.388"/>
</kw>
<kw name="Remove String" library="String">
<var>${att_value}</var>
<arg>${att_value}</arg>
<arg>[</arg>
<arg>'</arg>
<arg>]</arg>
<doc>Removes all ``removables`` from the given ``string``.</doc>
<msg timestamp="20220303 10:36:21.389" level="INFO">${att_value} = 9223372000001087889</msg>
<status status="PASS" starttime="20220303 10:36:21.388" endtime="20220303 10:36:21.389"/>
</kw>
<msg timestamp="20220303 10:36:21.389" level="INFO">${response_message} = 9223372000001087889</msg>
<status status="PASS" starttime="20220303 10:36:21.359" endtime="20220303 10:36:21.389"/>
</kw>
<kw name="Should Be Equal" library="BuiltIn">
<arg>${response_message}</arg>
<arg>${pet_id}</arg>
<doc>Fails if the given objects are unequal.</doc>
<status status="PASS" starttime="20220303 10:36:21.389" endtime="20220303 10:36:21.390"/>
</kw>
<status status="PASS" starttime="20220303 10:36:21.251" endtime="20220303 10:36:21.390"/>
</kw>
<tag>id=5</tag>
<status status="PASS" starttime="20220303 10:36:20.722" endtime="20220303 10:36:21.390"/>
</test>
<test id="s1-s1-t2" name="Verify a created pet can be get by the id">
<kw name="Create a pet" library="API_resources" type="SETUP">
<kw name="Send a POST request" library="API_resources">
<arg>${endpoint}</arg>
<arg>${body}</arg>
<kw name="Create Dictionary" library="BuiltIn">
<var>${HEADERS}</var>
<arg>Content-Type=application/json</arg>
<arg>accept=application/json</arg>
<doc>Creates and returns a dictionary based on the given ``items``.</doc>
<msg timestamp="20220303 10:36:21.392" level="INFO">${HEADERS} = {'Content-Type': 'application/json', 'accept': 'application/json'}</msg>
<status status="PASS" starttime="20220303 10:36:21.392" endtime="20220303 10:36:21.392"/>
</kw>
<kw name="Post On Session" library="RequestsLibrary">
<var>${response}</var>
<arg>pets</arg>
<arg>url=/${endpoint}</arg>
<arg>headers=${HEADERS}</arg>
<arg>data=${body}</arg>
<arg>expected_status=200</arg>
<doc>Sends a POST request on a previously created HTTP Session.</doc>
<msg timestamp="20220303 10:36:21.491" level="INFO">POST Request : url=https://petstore.swagger.io/v2/pet 
 path_url=/v2/pet 
 headers={'User-Agent': 'python-requests/2.25.1', 'Accept-Encoding': 'gzip, deflate', 'accept': 'application/json', 'Connection': 'keep-alive', 'Content-Type': 'application/json', 'Content-Length': '188'} 
 body={"category":{"id":1,"name":"category1"},"name":"dog","photoUrls":["https://a-z-animals.com/media/Poodle-Canis-familiaris-white.jpg"],"tags":[{"id":1,"name":"poodle"}],"status":"available"} 
 </msg>
<msg timestamp="20220303 10:36:21.492" level="INFO">POST Response : url=https://petstore.swagger.io/v2/pet 
 status=200, reason=OK 
 headers={'Date': 'Thu, 03 Mar 2022 15:36:21 GMT', 'Content-Type': 'application/json', 'Transfer-Encoding': 'chunked', 'Connection': 'keep-alive', 'Access-Control-Allow-Origin': '*', 'Access-Control-Allow-Methods': 'GET, POST, DELETE, PUT', 'Access-Control-Allow-Headers': 'Content-Type, api_key, Authorization', 'Server': 'Jetty(9.2.9.v20150224)'} 
 body={"id":9223372000001087894,"category":{"id":1,"name":"category1"},"name":"dog","photoUrls":["https://a-z-animals.com/media/Poodle-Canis-familiaris-white.jpg"],"tags":[{"id":1,"name":"poodle"}],"status":"available"} 
 </msg>
<msg timestamp="20220303 10:36:21.492" level="INFO">/Library/Frameworks/Python.framework/Versions/3.9/lib/python3.9/site-packages/urllib3/connectionpool.py:1013: InsecureRequestWarning: Unverified HTTPS request is being made to host 'petstore.swagger.io'. Adding certificate verification is strongly advised. See: https://urllib3.readthedocs.io/en/latest/advanced-usage.html#ssl-warnings
  warnings.warn(</msg>
<msg timestamp="20220303 10:36:21.492" level="INFO">${response} = &lt;Response [200]&gt;</msg>
<status status="PASS" starttime="20220303 10:36:21.393" endtime="20220303 10:36:21.492"/>
</kw>
<kw name="Set Test Variable" library="BuiltIn">
<arg>${response}</arg>
<doc>Makes a variable available everywhere within the scope of the current test.</doc>
<msg timestamp="20220303 10:36:21.493" level="INFO">${response} = &lt;Response [200]&gt;</msg>
<status status="PASS" starttime="20220303 10:36:21.492" endtime="20220303 10:36:21.493"/>
</kw>
<status status="PASS" starttime="20220303 10:36:21.392" endtime="20220303 10:36:21.493"/>
</kw>
<kw name="Log" library="BuiltIn">
<arg>${response.content}</arg>
<doc>Logs the given message with the given level.</doc>
<msg timestamp="20220303 10:36:21.494" level="INFO">{"id":9223372000001087894,"category":{"id":1,"name":"category1"},"name":"dog","photoUrls":["https://a-z-animals.com/media/Poodle-Canis-familiaris-white.jpg"],"tags":[{"id":1,"name":"poodle"}],"status":"available"}</msg>
<status status="PASS" starttime="20220303 10:36:21.493" endtime="20220303 10:36:21.494"/>
</kw>
<kw name="Get The Json Response Data" library="API_resources">
<kw name="Evaluate" library="BuiltIn">
<var>${response}</var>
<arg>json.loads("""${logs}""")</arg>
<arg>json</arg>
<doc>Evaluates the given expression in Python and returns the result.</doc>
<msg timestamp="20220303 10:36:21.496" level="INFO">${response} = {'id': 9223372000001087894, 'category': {'id': 1, 'name': 'category1'}, 'name': 'dog', 'photoUrls': ['https://a-z-animals.com/media/Poodle-Canis-familiaris-white.jpg'], 'tags': [{'id': 1, 'name': 'poo...</msg>
<status status="PASS" starttime="20220303 10:36:21.495" endtime="20220303 10:36:21.496"/>
</kw>
<kw name="Set Test Variable" library="BuiltIn">
<arg>${response}</arg>
<doc>Makes a variable available everywhere within the scope of the current test.</doc>
<msg timestamp="20220303 10:36:21.496" level="INFO">${response} = {'id': 9223372000001087894, 'category': {'id': 1, 'name': 'category1'}, 'name': 'dog', 'photoUrls': ['https://a-z-animals.com/media/Poodle-Canis-familiaris-white.jpg'], 'tags': [{'id': 1, 'name': 'poo...</msg>
<status status="PASS" starttime="20220303 10:36:21.496" endtime="20220303 10:36:21.496"/>
</kw>
<status status="PASS" starttime="20220303 10:36:21.494" endtime="20220303 10:36:21.497"/>
</kw>
<status status="PASS" starttime="20220303 10:36:21.391" endtime="20220303 10:36:21.497"/>
</kw>
<kw name="Get attribute value" library="API_resources">
<var>${pet_id}</var>
<arg>$.id</arg>
<kw name="Get Value From Json" library="JSONLibrary">
<var>${att_value}</var>
<arg>${source}</arg>
<arg>${att}</arg>
<doc>Get Value From JSON using JSONPath</doc>
<msg timestamp="20220303 10:36:21.534" level="INFO">${att_value} = [9223372000001087894]</msg>
<status status="PASS" starttime="20220303 10:36:21.497" endtime="20220303 10:36:21.534"/>
</kw>
<kw name="Convert To String" library="BuiltIn">
<var>${att_value}</var>
<arg>${att_value}</arg>
<doc>Converts the given item to a Unicode string.</doc>
<msg timestamp="20220303 10:36:21.535" level="INFO">${att_value} = [9223372000001087894]</msg>
<status status="PASS" starttime="20220303 10:36:21.534" endtime="20220303 10:36:21.535"/>
</kw>
<kw name="Remove String" library="String">
<var>${att_value}</var>
<arg>${att_value}</arg>
<arg>[</arg>
<arg>'</arg>
<arg>]</arg>
<doc>Removes all ``removables`` from the given ``string``.</doc>
<msg timestamp="20220303 10:36:21.535" level="INFO">${att_value} = 9223372000001087894</msg>
<status status="PASS" starttime="20220303 10:36:21.535" endtime="20220303 10:36:21.535"/>
</kw>
<msg timestamp="20220303 10:36:21.535" level="INFO">${pet_id} = 9223372000001087894</msg>
<status status="PASS" starttime="20220303 10:36:21.497" endtime="20220303 10:36:21.535"/>
</kw>
<kw name="Set Test Variable" library="BuiltIn">
<arg>${pet_id}</arg>
<doc>Makes a variable available everywhere within the scope of the current test.</doc>
<msg timestamp="20220303 10:36:21.536" level="INFO">${pet_id} = 9223372000001087894</msg>
<status status="PASS" starttime="20220303 10:36:21.536" endtime="20220303 10:36:21.536"/>
</kw>
<kw name="Get a pet" library="API_resources">
<kw name="Wait Until Keyword Succeeds" library="BuiltIn">
<arg>1 min</arg>
<arg>5s</arg>
<arg>Send a GET request</arg>
<arg>pet/${id}</arg>
<doc>Runs the specified keyword and retries if it fails.</doc>
<kw name="Send a GET request" library="API_resources">
<arg>pet/${id}</arg>
<kw name="Create Dictionary" library="BuiltIn">
<var>${HEADERS}</var>
<arg>Content-Type=application/json</arg>
<arg>accept=application/json</arg>
<doc>Creates and returns a dictionary based on the given ``items``.</doc>
<msg timestamp="20220303 10:36:21.538" level="INFO">${HEADERS} = {'Content-Type': 'application/json', 'accept': 'application/json'}</msg>
<status status="PASS" starttime="20220303 10:36:21.537" endtime="20220303 10:36:21.538"/>
</kw>
<kw name="Get On Session" library="RequestsLibrary">
<var>${response}</var>
<arg>pets</arg>
<arg>url=/${endpoint}</arg>
<arg>headers=${HEADERS}</arg>
<arg>expected_status=200</arg>
<doc>Sends a GET request on a previously created HTTP Session.</doc>
<msg timestamp="20220303 10:36:21.637" level="INFO">GET Request : url=https://petstore.swagger.io/v2/pet/9223372000001087894 
 path_url=/v2/pet/9223372000001087894 
 headers={'User-Agent': 'python-requests/2.25.1', 'Accept-Encoding': 'gzip, deflate', 'accept': 'application/json', 'Connection': 'keep-alive', 'Content-Type': 'application/json'} 
 body=None 
 </msg>
<msg timestamp="20220303 10:36:21.637" level="INFO">GET Response : url=https://petstore.swagger.io/v2/pet/9223372000001087894 
 status=404, reason=Not Found 
 headers={'Date': 'Thu, 03 Mar 2022 15:36:21 GMT', 'Content-Type': 'application/json', 'Transfer-Encoding': 'chunked', 'Connection': 'keep-alive', 'Access-Control-Allow-Origin': '*', 'Access-Control-Allow-Methods': 'GET, POST, DELETE, PUT', 'Access-Control-Allow-Headers': 'Content-Type, api_key, Authorization', 'Server': 'Jetty(9.2.9.v20150224)'} 
 body={"code":1,"type":"error","message":"Pet not found"} 
 </msg>
<msg timestamp="20220303 10:36:21.637" level="INFO">/Library/Frameworks/Python.framework/Versions/3.9/lib/python3.9/site-packages/urllib3/connectionpool.py:1013: InsecureRequestWarning: Unverified HTTPS request is being made to host 'petstore.swagger.io'. Adding certificate verification is strongly advised. See: https://urllib3.readthedocs.io/en/latest/advanced-usage.html#ssl-warnings
  warnings.warn(</msg>
<msg timestamp="20220303 10:36:21.638" level="FAIL">Url: https://petstore.swagger.io/v2/pet/9223372000001087894 Expected status: 404 != 200</msg>
<status status="FAIL" starttime="20220303 10:36:21.538" endtime="20220303 10:36:21.638"/>
</kw>
<kw name="Set Test Variable" library="BuiltIn">
<arg>${response}</arg>
<doc>Makes a variable available everywhere within the scope of the current test.</doc>
<status status="NOT RUN" starttime="20220303 10:36:21.638" endtime="20220303 10:36:21.638"/>
</kw>
<status status="FAIL" starttime="20220303 10:36:21.537" endtime="20220303 10:36:21.639"/>
</kw>
<kw name="Send a GET request" library="API_resources">
<arg>pet/${id}</arg>
<kw name="Create Dictionary" library="BuiltIn">
<var>${HEADERS}</var>
<arg>Content-Type=application/json</arg>
<arg>accept=application/json</arg>
<doc>Creates and returns a dictionary based on the given ``items``.</doc>
<msg timestamp="20220303 10:36:26.642" level="INFO">${HEADERS} = {'Content-Type': 'application/json', 'accept': 'application/json'}</msg>
<status status="PASS" starttime="20220303 10:36:26.642" endtime="20220303 10:36:26.642"/>
</kw>
<kw name="Get On Session" library="RequestsLibrary">
<var>${response}</var>
<arg>pets</arg>
<arg>url=/${endpoint}</arg>
<arg>headers=${HEADERS}</arg>
<arg>expected_status=200</arg>
<doc>Sends a GET request on a previously created HTTP Session.</doc>
<msg timestamp="20220303 10:36:26.749" level="INFO">GET Request : url=https://petstore.swagger.io/v2/pet/9223372000001087894 
 path_url=/v2/pet/9223372000001087894 
 headers={'User-Agent': 'python-requests/2.25.1', 'Accept-Encoding': 'gzip, deflate', 'accept': 'application/json', 'Connection': 'keep-alive', 'Content-Type': 'application/json'} 
 body=None 
 </msg>
<msg timestamp="20220303 10:36:26.749" level="INFO">GET Response : url=https://petstore.swagger.io/v2/pet/9223372000001087894 
 status=404, reason=Not Found 
 headers={'Date': 'Thu, 03 Mar 2022 15:36:26 GMT', 'Content-Type': 'application/json', 'Transfer-Encoding': 'chunked', 'Connection': 'keep-alive', 'Access-Control-Allow-Origin': '*', 'Access-Control-Allow-Methods': 'GET, POST, DELETE, PUT', 'Access-Control-Allow-Headers': 'Content-Type, api_key, Authorization', 'Server': 'Jetty(9.2.9.v20150224)'} 
 body={"code":1,"type":"error","message":"Pet not found"} 
 </msg>
<msg timestamp="20220303 10:36:26.750" level="INFO">/Library/Frameworks/Python.framework/Versions/3.9/lib/python3.9/site-packages/urllib3/connectionpool.py:1013: InsecureRequestWarning: Unverified HTTPS request is being made to host 'petstore.swagger.io'. Adding certificate verification is strongly advised. See: https://urllib3.readthedocs.io/en/latest/advanced-usage.html#ssl-warnings
  warnings.warn(</msg>
<msg timestamp="20220303 10:36:26.750" level="FAIL">Url: https://petstore.swagger.io/v2/pet/9223372000001087894 Expected status: 404 != 200</msg>
<status status="FAIL" starttime="20220303 10:36:26.642" endtime="20220303 10:36:26.750"/>
</kw>
<kw name="Set Test Variable" library="BuiltIn">
<arg>${response}</arg>
<doc>Makes a variable available everywhere within the scope of the current test.</doc>
<status status="NOT RUN" starttime="20220303 10:36:26.751" endtime="20220303 10:36:26.751"/>
</kw>
<status status="FAIL" starttime="20220303 10:36:26.641" endtime="20220303 10:36:26.751"/>
</kw>
<kw name="Send a GET request" library="API_resources">
<arg>pet/${id}</arg>
<kw name="Create Dictionary" library="BuiltIn">
<var>${HEADERS}</var>
<arg>Content-Type=application/json</arg>
<arg>accept=application/json</arg>
<doc>Creates and returns a dictionary based on the given ``items``.</doc>
<msg timestamp="20220303 10:36:31.754" level="INFO">${HEADERS} = {'Content-Type': 'application/json', 'accept': 'application/json'}</msg>
<status status="PASS" starttime="20220303 10:36:31.753" endtime="20220303 10:36:31.754"/>
</kw>
<kw name="Get On Session" library="RequestsLibrary">
<var>${response}</var>
<arg>pets</arg>
<arg>url=/${endpoint}</arg>
<arg>headers=${HEADERS}</arg>
<arg>expected_status=200</arg>
<doc>Sends a GET request on a previously created HTTP Session.</doc>
<msg timestamp="20220303 10:36:31.858" level="INFO">GET Request : url=https://petstore.swagger.io/v2/pet/9223372000001087894 
 path_url=/v2/pet/9223372000001087894 
 headers={'User-Agent': 'python-requests/2.25.1', 'Accept-Encoding': 'gzip, deflate', 'accept': 'application/json', 'Connection': 'keep-alive', 'Content-Type': 'application/json'} 
 body=None 
 </msg>
<msg timestamp="20220303 10:36:31.858" level="INFO">GET Response : url=https://petstore.swagger.io/v2/pet/9223372000001087894 
 status=200, reason=OK 
 headers={'Date': 'Thu, 03 Mar 2022 15:36:31 GMT', 'Content-Type': 'application/json', 'Transfer-Encoding': 'chunked', 'Connection': 'keep-alive', 'Access-Control-Allow-Origin': '*', 'Access-Control-Allow-Methods': 'GET, POST, DELETE, PUT', 'Access-Control-Allow-Headers': 'Content-Type, api_key, Authorization', 'Server': 'Jetty(9.2.9.v20150224)'} 
 body={"id":9223372000001087894,"category":{"id":1,"name":"category1"},"name":"dog","photoUrls":["https://a-z-animals.com/media/Poodle-Canis-familiaris-white.jpg"],"tags":[{"id":1,"name":"poodle"}],"status":"available"} 
 </msg>
<msg timestamp="20220303 10:36:31.858" level="INFO">/Library/Frameworks/Python.framework/Versions/3.9/lib/python3.9/site-packages/urllib3/connectionpool.py:1013: InsecureRequestWarning: Unverified HTTPS request is being made to host 'petstore.swagger.io'. Adding certificate verification is strongly advised. See: https://urllib3.readthedocs.io/en/latest/advanced-usage.html#ssl-warnings
  warnings.warn(</msg>
<msg timestamp="20220303 10:36:31.858" level="INFO">${response} = &lt;Response [200]&gt;</msg>
<status status="PASS" starttime="20220303 10:36:31.754" endtime="20220303 10:36:31.858"/>
</kw>
<kw name="Set Test Variable" library="BuiltIn">
<arg>${response}</arg>
<doc>Makes a variable available everywhere within the scope of the current test.</doc>
<msg timestamp="20220303 10:36:31.859" level="INFO">${response} = &lt;Response [200]&gt;</msg>
<status status="PASS" starttime="20220303 10:36:31.859" endtime="20220303 10:36:31.859"/>
</kw>
<status status="PASS" starttime="20220303 10:36:31.752" endtime="20220303 10:36:31.860"/>
</kw>
<status status="PASS" starttime="20220303 10:36:21.537" endtime="20220303 10:36:31.860"/>
</kw>
<kw name="Log" library="BuiltIn">
<arg>${response.content}</arg>
<doc>Logs the given message with the given level.</doc>
<msg timestamp="20220303 10:36:31.861" level="INFO">{"id":9223372000001087894,"category":{"id":1,"name":"category1"},"name":"dog","photoUrls":["https://a-z-animals.com/media/Poodle-Canis-familiaris-white.jpg"],"tags":[{"id":1,"name":"poodle"}],"status":"available"}</msg>
<status status="PASS" starttime="20220303 10:36:31.860" endtime="20220303 10:36:31.861"/>
</kw>
<kw name="Get The Json Response Data" library="API_resources">
<kw name="Evaluate" library="BuiltIn">
<var>${response}</var>
<arg>json.loads("""${logs}""")</arg>
<arg>json</arg>
<doc>Evaluates the given expression in Python and returns the result.</doc>
<msg timestamp="20220303 10:36:31.863" level="INFO">${response} = {'id': 9223372000001087894, 'category': {'id': 1, 'name': 'category1'}, 'name': 'dog', 'photoUrls': ['https://a-z-animals.com/media/Poodle-Canis-familiaris-white.jpg'], 'tags': [{'id': 1, 'name': 'poo...</msg>
<status status="PASS" starttime="20220303 10:36:31.862" endtime="20220303 10:36:31.863"/>
</kw>
<kw name="Set Test Variable" library="BuiltIn">
<arg>${response}</arg>
<doc>Makes a variable available everywhere within the scope of the current test.</doc>
<msg timestamp="20220303 10:36:31.864" level="INFO">${response} = {'id': 9223372000001087894, 'category': {'id': 1, 'name': 'category1'}, 'name': 'dog', 'photoUrls': ['https://a-z-animals.com/media/Poodle-Canis-familiaris-white.jpg'], 'tags': [{'id': 1, 'name': 'poo...</msg>
<status status="PASS" starttime="20220303 10:36:31.863" endtime="20220303 10:36:31.864"/>
</kw>
<status status="PASS" starttime="20220303 10:36:31.861" endtime="20220303 10:36:31.864"/>
</kw>
<status status="PASS" starttime="20220303 10:36:21.536" endtime="20220303 10:36:31.864"/>
</kw>
<kw name="Get attribute value" library="API_resources">
<var>${returned_id}</var>
<arg>$.id</arg>
<kw name="Get Value From Json" library="JSONLibrary">
<var>${att_value}</var>
<arg>${source}</arg>
<arg>${att}</arg>
<doc>Get Value From JSON using JSONPath</doc>
<msg timestamp="20220303 10:36:31.891" level="INFO">${att_value} = [9223372000001087894]</msg>
<status status="PASS" starttime="20220303 10:36:31.865" endtime="20220303 10:36:31.891"/>
</kw>
<kw name="Convert To String" library="BuiltIn">
<var>${att_value}</var>
<arg>${att_value}</arg>
<doc>Converts the given item to a Unicode string.</doc>
<msg timestamp="20220303 10:36:31.891" level="INFO">${att_value} = [9223372000001087894]</msg>
<status status="PASS" starttime="20220303 10:36:31.891" endtime="20220303 10:36:31.891"/>
</kw>
<kw name="Remove String" library="String">
<var>${att_value}</var>
<arg>${att_value}</arg>
<arg>[</arg>
<arg>'</arg>
<arg>]</arg>
<doc>Removes all ``removables`` from the given ``string``.</doc>
<msg timestamp="20220303 10:36:31.892" level="INFO">${att_value} = 9223372000001087894</msg>
<status status="PASS" starttime="20220303 10:36:31.892" endtime="20220303 10:36:31.892"/>
</kw>
<msg timestamp="20220303 10:36:31.892" level="INFO">${returned_id} = 9223372000001087894</msg>
<status status="PASS" starttime="20220303 10:36:31.864" endtime="20220303 10:36:31.892"/>
</kw>
<kw name="Should Be Equal" library="BuiltIn">
<arg>${returned_id}</arg>
<arg>${pet_id}</arg>
<doc>Fails if the given objects are unequal.</doc>
<status status="PASS" starttime="20220303 10:36:31.892" endtime="20220303 10:36:31.893"/>
</kw>
<kw name="Get attribute value" library="API_resources">
<var>${pet_tag_name}</var>
<arg>$.tags..name</arg>
<kw name="Get Value From Json" library="JSONLibrary">
<var>${att_value}</var>
<arg>${source}</arg>
<arg>${att}</arg>
<doc>Get Value From JSON using JSONPath</doc>
<msg timestamp="20220303 10:36:31.919" level="INFO">${att_value} = ['poodle']</msg>
<status status="PASS" starttime="20220303 10:36:31.894" endtime="20220303 10:36:31.919"/>
</kw>
<kw name="Convert To String" library="BuiltIn">
<var>${att_value}</var>
<arg>${att_value}</arg>
<doc>Converts the given item to a Unicode string.</doc>
<msg timestamp="20220303 10:36:31.919" level="INFO">${att_value} = ['poodle']</msg>
<status status="PASS" starttime="20220303 10:36:31.919" endtime="20220303 10:36:31.919"/>
</kw>
<kw name="Remove String" library="String">
<var>${att_value}</var>
<arg>${att_value}</arg>
<arg>[</arg>
<arg>'</arg>
<arg>]</arg>
<doc>Removes all ``removables`` from the given ``string``.</doc>
<msg timestamp="20220303 10:36:31.920" level="INFO">${att_value} = poodle</msg>
<status status="PASS" starttime="20220303 10:36:31.919" endtime="20220303 10:36:31.920"/>
</kw>
<msg timestamp="20220303 10:36:31.920" level="INFO">${pet_tag_name} = poodle</msg>
<status status="PASS" starttime="20220303 10:36:31.893" endtime="20220303 10:36:31.920"/>
</kw>
<if>
<branch type="IF" condition="'${pet_tag_name}' == 'poodle'">
<kw name="Pass Execution" library="BuiltIn">
<arg>The retrieved data is correct</arg>
<doc>Skips rest of the current test, setup, or teardown with PASS status.</doc>
<msg timestamp="20220303 10:36:31.920" level="INFO">Execution passed with message:
The retrieved data is correct</msg>
<status status="PASS" starttime="20220303 10:36:31.920" endtime="20220303 10:36:31.920"/>
</kw>
<status status="PASS" starttime="20220303 10:36:31.920" endtime="20220303 10:36:31.921"/>
</branch>
<branch type="ELSE">
<kw name="Fail" library="BuiltIn">
<arg>The retrieved data is incorrect</arg>
<doc>Fails the test with the given message and optionally alters its tags.</doc>
<status status="NOT RUN" starttime="20220303 10:36:31.921" endtime="20220303 10:36:31.921"/>
</kw>
<status status="NOT RUN" starttime="20220303 10:36:31.921" endtime="20220303 10:36:31.921"/>
</branch>
<status status="PASS" starttime="20220303 10:36:31.920" endtime="20220303 10:36:31.921"/>
</if>
<kw name="Delete a pet" library="API_resources" type="TEARDOWN">
<kw name="Wait Until Keyword Succeeds" library="BuiltIn">
<arg>1 min</arg>
<arg>5s</arg>
<arg>Send a DELETE request</arg>
<arg>pet/${id}</arg>
<doc>Runs the specified keyword and retries if it fails.</doc>
<kw name="Send a DELETE request" library="API_resources">
<arg>pet/${id}</arg>
<kw name="Create Dictionary" library="BuiltIn">
<var>${HEADERS}</var>
<arg>Content-Type=application/json</arg>
<arg>accept=application/json</arg>
<doc>Creates and returns a dictionary based on the given ``items``.</doc>
<msg timestamp="20220303 10:36:31.922" level="INFO">${HEADERS} = {'Content-Type': 'application/json', 'accept': 'application/json'}</msg>
<status status="PASS" starttime="20220303 10:36:31.922" endtime="20220303 10:36:31.922"/>
</kw>
<kw name="Delete On Session" library="RequestsLibrary">
<var>${response}</var>
<arg>pets</arg>
<arg>url=/${endpoint}</arg>
<arg>headers=${HEADERS}</arg>
<arg>expected_status=200</arg>
<doc>Sends a DELETE request on a previously created HTTP Session.</doc>
<msg timestamp="20220303 10:36:32.021" level="INFO">DELETE Request : url=https://petstore.swagger.io/v2/pet/9223372000001087894 
 path_url=/v2/pet/9223372000001087894 
 headers={'User-Agent': 'python-requests/2.25.1', 'Accept-Encoding': 'gzip, deflate', 'accept': 'application/json', 'Connection': 'keep-alive', 'Content-Type': 'application/json', 'Content-Length': '0'} 
 body=None 
 </msg>
<msg timestamp="20220303 10:36:32.022" level="INFO">DELETE Response : url=https://petstore.swagger.io/v2/pet/9223372000001087894 
 status=404, reason=Not Found 
 headers={'Date': 'Thu, 03 Mar 2022 15:36:32 GMT', 'Content-Length': '0', 'Connection': 'keep-alive', 'Access-Control-Allow-Origin': '*', 'Access-Control-Allow-Methods': 'GET, POST, DELETE, PUT', 'Access-Control-Allow-Headers': 'Content-Type, api_key, Authorization', 'Server': 'Jetty(9.2.9.v20150224)'} 
 body=None 
 </msg>
<msg timestamp="20220303 10:36:32.022" level="INFO">/Library/Frameworks/Python.framework/Versions/3.9/lib/python3.9/site-packages/urllib3/connectionpool.py:1013: InsecureRequestWarning: Unverified HTTPS request is being made to host 'petstore.swagger.io'. Adding certificate verification is strongly advised. See: https://urllib3.readthedocs.io/en/latest/advanced-usage.html#ssl-warnings
  warnings.warn(</msg>
<msg timestamp="20220303 10:36:32.022" level="INFO">${response} = None</msg>
<msg timestamp="20220303 10:36:32.023" level="FAIL">Url: https://petstore.swagger.io/v2/pet/9223372000001087894 Expected status: 404 != 200</msg>
<status status="FAIL" starttime="20220303 10:36:31.923" endtime="20220303 10:36:32.023"/>
</kw>
<kw name="Set Test Variable" library="BuiltIn">
<arg>${response}</arg>
<doc>Makes a variable available everywhere within the scope of the current test.</doc>
<msg timestamp="20220303 10:36:32.024" level="INFO">${response} = None</msg>
<status status="PASS" starttime="20220303 10:36:32.023" endtime="20220303 10:36:32.024"/>
</kw>
<status status="FAIL" starttime="20220303 10:36:31.922" endtime="20220303 10:36:32.024"/>
</kw>
<kw name="Send a DELETE request" library="API_resources">
<arg>pet/${id}</arg>
<kw name="Create Dictionary" library="BuiltIn">
<var>${HEADERS}</var>
<arg>Content-Type=application/json</arg>
<arg>accept=application/json</arg>
<doc>Creates and returns a dictionary based on the given ``items``.</doc>
<msg timestamp="20220303 10:36:37.028" level="INFO">${HEADERS} = {'Content-Type': 'application/json', 'accept': 'application/json'}</msg>
<status status="PASS" starttime="20220303 10:36:37.028" endtime="20220303 10:36:37.029"/>
</kw>
<kw name="Delete On Session" library="RequestsLibrary">
<var>${response}</var>
<arg>pets</arg>
<arg>url=/${endpoint}</arg>
<arg>headers=${HEADERS}</arg>
<arg>expected_status=200</arg>
<doc>Sends a DELETE request on a previously created HTTP Session.</doc>
<msg timestamp="20220303 10:36:37.128" level="INFO">DELETE Request : url=https://petstore.swagger.io/v2/pet/9223372000001087894 
 path_url=/v2/pet/9223372000001087894 
 headers={'User-Agent': 'python-requests/2.25.1', 'Accept-Encoding': 'gzip, deflate', 'accept': 'application/json', 'Connection': 'keep-alive', 'Content-Type': 'application/json', 'Content-Length': '0'} 
 body=None 
 </msg>
<msg timestamp="20220303 10:36:37.128" level="INFO">DELETE Response : url=https://petstore.swagger.io/v2/pet/9223372000001087894 
 status=200, reason=OK 
 headers={'Date': 'Thu, 03 Mar 2022 15:36:37 GMT', 'Content-Type': 'application/json', 'Transfer-Encoding': 'chunked', 'Connection': 'keep-alive', 'Access-Control-Allow-Origin': '*', 'Access-Control-Allow-Methods': 'GET, POST, DELETE, PUT', 'Access-Control-Allow-Headers': 'Content-Type, api_key, Authorization', 'Server': 'Jetty(9.2.9.v20150224)'} 
 body={"code":200,"type":"unknown","message":"9223372000001087894"} 
 </msg>
<msg timestamp="20220303 10:36:37.129" level="INFO">/Library/Frameworks/Python.framework/Versions/3.9/lib/python3.9/site-packages/urllib3/connectionpool.py:1013: InsecureRequestWarning: Unverified HTTPS request is being made to host 'petstore.swagger.io'. Adding certificate verification is strongly advised. See: https://urllib3.readthedocs.io/en/latest/advanced-usage.html#ssl-warnings
  warnings.warn(</msg>
<msg timestamp="20220303 10:36:37.129" level="INFO">${response} = &lt;Response [200]&gt;</msg>
<status status="PASS" starttime="20220303 10:36:37.029" endtime="20220303 10:36:37.129"/>
</kw>
<kw name="Set Test Variable" library="BuiltIn">
<arg>${response}</arg>
<doc>Makes a variable available everywhere within the scope of the current test.</doc>
<msg timestamp="20220303 10:36:37.130" level="INFO">${response} = &lt;Response [200]&gt;</msg>
<status status="PASS" starttime="20220303 10:36:37.129" endtime="20220303 10:36:37.130"/>
</kw>
<status status="PASS" starttime="20220303 10:36:37.027" endtime="20220303 10:36:37.130"/>
</kw>
<status status="PASS" starttime="20220303 10:36:31.921" endtime="20220303 10:36:37.130"/>
</kw>
<kw name="Log" library="BuiltIn">
<arg>${response.content}</arg>
<doc>Logs the given message with the given level.</doc>
<msg timestamp="20220303 10:36:37.131" level="INFO">{"code":200,"type":"unknown","message":"9223372000001087894"}</msg>
<status status="PASS" starttime="20220303 10:36:37.130" endtime="20220303 10:36:37.131"/>
</kw>
<kw name="Get The Json Response Data" library="API_resources">
<kw name="Evaluate" library="BuiltIn">
<var>${response}</var>
<arg>json.loads("""${logs}""")</arg>
<arg>json</arg>
<doc>Evaluates the given expression in Python and returns the result.</doc>
<msg timestamp="20220303 10:36:37.133" level="INFO">${response} = {'code': 200, 'type': 'unknown', 'message': '9223372000001087894'}</msg>
<status status="PASS" starttime="20220303 10:36:37.133" endtime="20220303 10:36:37.133"/>
</kw>
<kw name="Set Test Variable" library="BuiltIn">
<arg>${response}</arg>
<doc>Makes a variable available everywhere within the scope of the current test.</doc>
<msg timestamp="20220303 10:36:37.134" level="INFO">${response} = {'code': 200, 'type': 'unknown', 'message': '9223372000001087894'}</msg>
<status status="PASS" starttime="20220303 10:36:37.133" endtime="20220303 10:36:37.134"/>
</kw>
<status status="PASS" starttime="20220303 10:36:37.131" endtime="20220303 10:36:37.134"/>
</kw>
<kw name="Get attribute value" library="API_resources">
<var>${response_message}</var>
<arg>$.message</arg>
<kw name="Get Value From Json" library="JSONLibrary">
<var>${att_value}</var>
<arg>${source}</arg>
<arg>${att}</arg>
<doc>Get Value From JSON using JSONPath</doc>
<msg timestamp="20220303 10:36:37.161" level="INFO">${att_value} = ['9223372000001087894']</msg>
<status status="PASS" starttime="20220303 10:36:37.135" endtime="20220303 10:36:37.161"/>
</kw>
<kw name="Convert To String" library="BuiltIn">
<var>${att_value}</var>
<arg>${att_value}</arg>
<doc>Converts the given item to a Unicode string.</doc>
<msg timestamp="20220303 10:36:37.162" level="INFO">${att_value} = ['9223372000001087894']</msg>
<status status="PASS" starttime="20220303 10:36:37.162" endtime="20220303 10:36:37.162"/>
</kw>
<kw name="Remove String" library="String">
<var>${att_value}</var>
<arg>${att_value}</arg>
<arg>[</arg>
<arg>'</arg>
<arg>]</arg>
<doc>Removes all ``removables`` from the given ``string``.</doc>
<msg timestamp="20220303 10:36:37.162" level="INFO">${att_value} = 9223372000001087894</msg>
<status status="PASS" starttime="20220303 10:36:37.162" endtime="20220303 10:36:37.163"/>
</kw>
<msg timestamp="20220303 10:36:37.163" level="INFO">${response_message} = 9223372000001087894</msg>
<status status="PASS" starttime="20220303 10:36:37.134" endtime="20220303 10:36:37.163"/>
</kw>
<kw name="Should Be Equal" library="BuiltIn">
<arg>${response_message}</arg>
<arg>${pet_id}</arg>
<doc>Fails if the given objects are unequal.</doc>
<status status="PASS" starttime="20220303 10:36:37.163" endtime="20220303 10:36:37.163"/>
</kw>
<status status="PASS" starttime="20220303 10:36:31.921" endtime="20220303 10:36:37.164"/>
</kw>
<tag>id=6</tag>
<status status="PASS" starttime="20220303 10:36:21.391" endtime="20220303 10:36:37.164">The retrieved data is correct</status>
</test>
<test id="s1-s1-t3" name="Verify a pet order can be placed">
<kw name="Get the actual date" library="API_resources">
<kw name="Get Current Date" library="DateTime">
<var>${actual_date}</var>
<arg>exclude_millis=yes</arg>
<doc>Returns current local or UTC time with an optional increment.</doc>
<msg timestamp="20220303 10:36:37.165" level="INFO">${actual_date} = 2022-03-03 10:36:37</msg>
<status status="PASS" starttime="20220303 10:36:37.165" endtime="20220303 10:36:37.165"/>
</kw>
<kw name="Convert Date" library="DateTime">
<var>${actual_date}</var>
<arg>${actual_date}</arg>
<arg>result_format=%Y-%m-%d</arg>
<doc>Converts between supported `date formats`.</doc>
<msg timestamp="20220303 10:36:37.168" level="INFO">${actual_date} = 2022-03-03</msg>
<status status="PASS" starttime="20220303 10:36:37.165" endtime="20220303 10:36:37.168"/>
</kw>
<kw name="Set Test Variable" library="BuiltIn">
<arg>${actual_date}</arg>
<doc>Makes a variable available everywhere within the scope of the current test.</doc>
<msg timestamp="20220303 10:36:37.168" level="INFO">${actual_date} = 2022-03-03</msg>
<status status="PASS" starttime="20220303 10:36:37.168" endtime="20220303 10:36:37.168"/>
</kw>
<status status="PASS" starttime="20220303 10:36:37.165" endtime="20220303 10:36:37.168"/>
</kw>
<kw name="Order a pet" library="API_resources">
<kw name="Send a POST request" library="API_resources">
<arg>store/order</arg>
<arg>${body}</arg>
<kw name="Create Dictionary" library="BuiltIn">
<var>${HEADERS}</var>
<arg>Content-Type=application/json</arg>
<arg>accept=application/json</arg>
<doc>Creates and returns a dictionary based on the given ``items``.</doc>
<msg timestamp="20220303 10:36:37.170" level="INFO">${HEADERS} = {'Content-Type': 'application/json', 'accept': 'application/json'}</msg>
<status status="PASS" starttime="20220303 10:36:37.169" endtime="20220303 10:36:37.170"/>
</kw>
<kw name="Post On Session" library="RequestsLibrary">
<var>${response}</var>
<arg>pets</arg>
<arg>url=/${endpoint}</arg>
<arg>headers=${HEADERS}</arg>
<arg>data=${body}</arg>
<arg>expected_status=200</arg>
<doc>Sends a POST request on a previously created HTTP Session.</doc>
<msg timestamp="20220303 10:36:37.269" level="INFO">POST Request : url=https://petstore.swagger.io/v2/store/order 
 path_url=/v2/store/order 
 headers={'User-Agent': 'python-requests/2.25.1', 'Accept-Encoding': 'gzip, deflate', 'accept': 'application/json', 'Connection': 'keep-alive', 'Content-Type': 'application/json', 'Content-Length': '50'} 
 body={"petId":123,"quantity":1,"shipDate":"2022-03-03"} 
 </msg>
<msg timestamp="20220303 10:36:37.269" level="INFO">POST Response : url=https://petstore.swagger.io/v2/store/order 
 status=200, reason=OK 
 headers={'Date': 'Thu, 03 Mar 2022 15:36:37 GMT', 'Content-Type': 'application/json', 'Transfer-Encoding': 'chunked', 'Connection': 'keep-alive', 'Access-Control-Allow-Origin': '*', 'Access-Control-Allow-Methods': 'GET, POST, DELETE, PUT', 'Access-Control-Allow-Headers': 'Content-Type, api_key, Authorization', 'Server': 'Jetty(9.2.9.v20150224)'} 
 body={"id":9223372000001087706,"petId":123,"quantity":1,"shipDate":"2022-03-03T00:00:00.000+0000","complete":false} 
 </msg>
<msg timestamp="20220303 10:36:37.270" level="INFO">/Library/Frameworks/Python.framework/Versions/3.9/lib/python3.9/site-packages/urllib3/connectionpool.py:1013: InsecureRequestWarning: Unverified HTTPS request is being made to host 'petstore.swagger.io'. Adding certificate verification is strongly advised. See: https://urllib3.readthedocs.io/en/latest/advanced-usage.html#ssl-warnings
  warnings.warn(</msg>
<msg timestamp="20220303 10:36:37.270" level="INFO">${response} = &lt;Response [200]&gt;</msg>
<status status="PASS" starttime="20220303 10:36:37.170" endtime="20220303 10:36:37.270"/>
</kw>
<kw name="Set Test Variable" library="BuiltIn">
<arg>${response}</arg>
<doc>Makes a variable available everywhere within the scope of the current test.</doc>
<msg timestamp="20220303 10:36:37.271" level="INFO">${response} = &lt;Response [200]&gt;</msg>
<status status="PASS" starttime="20220303 10:36:37.270" endtime="20220303 10:36:37.271"/>
</kw>
<status status="PASS" starttime="20220303 10:36:37.169" endtime="20220303 10:36:37.271"/>
</kw>
<kw name="Log" library="BuiltIn">
<arg>${response.content}</arg>
<doc>Logs the given message with the given level.</doc>
<msg timestamp="20220303 10:36:37.272" level="INFO">{"id":9223372000001087706,"petId":123,"quantity":1,"shipDate":"2022-03-03T00:00:00.000+0000","complete":false}</msg>
<status status="PASS" starttime="20220303 10:36:37.271" endtime="20220303 10:36:37.272"/>
</kw>
<kw name="Get The Json Response Data" library="API_resources">
<kw name="Evaluate" library="BuiltIn">
<var>${response}</var>
<arg>json.loads("""${logs}""")</arg>
<arg>json</arg>
<doc>Evaluates the given expression in Python and returns the result.</doc>
<msg timestamp="20220303 10:36:37.274" level="INFO">${response} = {'id': 9223372000001087706, 'petId': 123, 'quantity': 1, 'shipDate': '2022-03-03T00:00:00.000+0000', 'complete': False}</msg>
<status status="PASS" starttime="20220303 10:36:37.274" endtime="20220303 10:36:37.274"/>
</kw>
<kw name="Set Test Variable" library="BuiltIn">
<arg>${response}</arg>
<doc>Makes a variable available everywhere within the scope of the current test.</doc>
<msg timestamp="20220303 10:36:37.275" level="INFO">${response} = {'id': 9223372000001087706, 'petId': 123, 'quantity': 1, 'shipDate': '2022-03-03T00:00:00.000+0000', 'complete': False}</msg>
<status status="PASS" starttime="20220303 10:36:37.274" endtime="20220303 10:36:37.275"/>
</kw>
<status status="PASS" starttime="20220303 10:36:37.272" endtime="20220303 10:36:37.275"/>
</kw>
<status status="PASS" starttime="20220303 10:36:37.168" endtime="20220303 10:36:37.275"/>
</kw>
<kw name="Get attribute value" library="API_resources">
<var>${order_id}</var>
<arg>$.id</arg>
<kw name="Get Value From Json" library="JSONLibrary">
<var>${att_value}</var>
<arg>${source}</arg>
<arg>${att}</arg>
<doc>Get Value From JSON using JSONPath</doc>
<msg timestamp="20220303 10:36:37.303" level="INFO">${att_value} = [9223372000001087706]</msg>
<status status="PASS" starttime="20220303 10:36:37.276" endtime="20220303 10:36:37.303"/>
</kw>
<kw name="Convert To String" library="BuiltIn">
<var>${att_value}</var>
<arg>${att_value}</arg>
<doc>Converts the given item to a Unicode string.</doc>
<msg timestamp="20220303 10:36:37.304" level="INFO">${att_value} = [9223372000001087706]</msg>
<status status="PASS" starttime="20220303 10:36:37.303" endtime="20220303 10:36:37.304"/>
</kw>
<kw name="Remove String" library="String">
<var>${att_value}</var>
<arg>${att_value}</arg>
<arg>[</arg>
<arg>'</arg>
<arg>]</arg>
<doc>Removes all ``removables`` from the given ``string``.</doc>
<msg timestamp="20220303 10:36:37.304" level="INFO">${att_value} = 9223372000001087706</msg>
<status status="PASS" starttime="20220303 10:36:37.304" endtime="20220303 10:36:37.304"/>
</kw>
<msg timestamp="20220303 10:36:37.305" level="INFO">${order_id} = 9223372000001087706</msg>
<status status="PASS" starttime="20220303 10:36:37.275" endtime="20220303 10:36:37.305"/>
</kw>
<kw name="Set Test Variable" library="BuiltIn">
<arg>${order_id}</arg>
<doc>Makes a variable available everywhere within the scope of the current test.</doc>
<msg timestamp="20220303 10:36:37.305" level="INFO">${order_id} = 9223372000001087706</msg>
<status status="PASS" starttime="20220303 10:36:37.305" endtime="20220303 10:36:37.305"/>
</kw>
<kw name="Get attribute value" library="API_resources">
<var>${pet_id}</var>
<arg>$.petId</arg>
<kw name="Get Value From Json" library="JSONLibrary">
<var>${att_value}</var>
<arg>${source}</arg>
<arg>${att}</arg>
<doc>Get Value From JSON using JSONPath</doc>
<msg timestamp="20220303 10:36:37.330" level="INFO">${att_value} = [123]</msg>
<status status="PASS" starttime="20220303 10:36:37.306" endtime="20220303 10:36:37.330"/>
</kw>
<kw name="Convert To String" library="BuiltIn">
<var>${att_value}</var>
<arg>${att_value}</arg>
<doc>Converts the given item to a Unicode string.</doc>
<msg timestamp="20220303 10:36:37.331" level="INFO">${att_value} = [123]</msg>
<status status="PASS" starttime="20220303 10:36:37.330" endtime="20220303 10:36:37.331"/>
</kw>
<kw name="Remove String" library="String">
<var>${att_value}</var>
<arg>${att_value}</arg>
<arg>[</arg>
<arg>'</arg>
<arg>]</arg>
<doc>Removes all ``removables`` from the given ``string``.</doc>
<msg timestamp="20220303 10:36:37.331" level="INFO">${att_value} = 123</msg>
<status status="PASS" starttime="20220303 10:36:37.331" endtime="20220303 10:36:37.331"/>
</kw>
<msg timestamp="20220303 10:36:37.331" level="INFO">${pet_id} = 123</msg>
<status status="PASS" starttime="20220303 10:36:37.305" endtime="20220303 10:36:37.331"/>
</kw>
<kw name="Should Be Equal" library="BuiltIn">
<arg>${pet_id}</arg>
<arg>123</arg>
<doc>Fails if the given objects are unequal.</doc>
<status status="PASS" starttime="20220303 10:36:37.331" endtime="20220303 10:36:37.332"/>
</kw>
<kw name="Get attribute value" library="API_resources">
<var>${pet_quantity}</var>
<arg>$.quantity</arg>
<kw name="Get Value From Json" library="JSONLibrary">
<var>${att_value}</var>
<arg>${source}</arg>
<arg>${att}</arg>
<doc>Get Value From JSON using JSONPath</doc>
<msg timestamp="20220303 10:36:37.354" level="INFO">${att_value} = [1]</msg>
<status status="PASS" starttime="20220303 10:36:37.332" endtime="20220303 10:36:37.354"/>
</kw>
<kw name="Convert To String" library="BuiltIn">
<var>${att_value}</var>
<arg>${att_value}</arg>
<doc>Converts the given item to a Unicode string.</doc>
<msg timestamp="20220303 10:36:37.354" level="INFO">${att_value} = [1]</msg>
<status status="PASS" starttime="20220303 10:36:37.354" endtime="20220303 10:36:37.354"/>
</kw>
<kw name="Remove String" library="String">
<var>${att_value}</var>
<arg>${att_value}</arg>
<arg>[</arg>
<arg>'</arg>
<arg>]</arg>
<doc>Removes all ``removables`` from the given ``string``.</doc>
<msg timestamp="20220303 10:36:37.355" level="INFO">${att_value} = 1</msg>
<status status="PASS" starttime="20220303 10:36:37.354" endtime="20220303 10:36:37.355"/>
</kw>
<msg timestamp="20220303 10:36:37.355" level="INFO">${pet_quantity} = 1</msg>
<status status="PASS" starttime="20220303 10:36:37.332" endtime="20220303 10:36:37.355"/>
</kw>
<kw name="Should Be Equal" library="BuiltIn">
<arg>${pet_quantity}</arg>
<arg>1</arg>
<doc>Fails if the given objects are unequal.</doc>
<status status="PASS" starttime="20220303 10:36:37.355" endtime="20220303 10:36:37.355"/>
</kw>
<kw name="Get attribute value" library="API_resources">
<var>${ship_date}</var>
<arg>$.shipDate</arg>
<kw name="Get Value From Json" library="JSONLibrary">
<var>${att_value}</var>
<arg>${source}</arg>
<arg>${att}</arg>
<doc>Get Value From JSON using JSONPath</doc>
<msg timestamp="20220303 10:36:37.378" level="INFO">${att_value} = ['2022-03-03T00:00:00.000+0000']</msg>
<status status="PASS" starttime="20220303 10:36:37.356" endtime="20220303 10:36:37.378"/>
</kw>
<kw name="Convert To String" library="BuiltIn">
<var>${att_value}</var>
<arg>${att_value}</arg>
<doc>Converts the given item to a Unicode string.</doc>
<msg timestamp="20220303 10:36:37.378" level="INFO">${att_value} = ['2022-03-03T00:00:00.000+0000']</msg>
<status status="PASS" starttime="20220303 10:36:37.378" endtime="20220303 10:36:37.378"/>
</kw>
<kw name="Remove String" library="String">
<var>${att_value}</var>
<arg>${att_value}</arg>
<arg>[</arg>
<arg>'</arg>
<arg>]</arg>
<doc>Removes all ``removables`` from the given ``string``.</doc>
<msg timestamp="20220303 10:36:37.379" level="INFO">${att_value} = 2022-03-03T00:00:00.000+0000</msg>
<status status="PASS" starttime="20220303 10:36:37.378" endtime="20220303 10:36:37.379"/>
</kw>
<msg timestamp="20220303 10:36:37.379" level="INFO">${ship_date} = 2022-03-03T00:00:00.000+0000</msg>
<status status="PASS" starttime="20220303 10:36:37.355" endtime="20220303 10:36:37.379"/>
</kw>
<kw name="Should Contain" library="BuiltIn">
<arg>${ship_date}</arg>
<arg>${actual_date}</arg>
<doc>Fails if ``container`` does not contain ``item`` one or more times.</doc>
<status status="PASS" starttime="20220303 10:36:37.379" endtime="20220303 10:36:37.379"/>
</kw>
<kw name="Delete a pet order" library="API_resources" type="TEARDOWN">
<kw name="Wait Until Keyword Succeeds" library="BuiltIn">
<arg>1 min</arg>
<arg>5s</arg>
<arg>Send a DELETE request</arg>
<arg>store/order/${order_id}</arg>
<doc>Runs the specified keyword and retries if it fails.</doc>
<kw name="Send a DELETE request" library="API_resources">
<arg>store/order/${order_id}</arg>
<kw name="Create Dictionary" library="BuiltIn">
<var>${HEADERS}</var>
<arg>Content-Type=application/json</arg>
<arg>accept=application/json</arg>
<doc>Creates and returns a dictionary based on the given ``items``.</doc>
<msg timestamp="20220303 10:36:37.381" level="INFO">${HEADERS} = {'Content-Type': 'application/json', 'accept': 'application/json'}</msg>
<status status="PASS" starttime="20220303 10:36:37.381" endtime="20220303 10:36:37.381"/>
</kw>
<kw name="Delete On Session" library="RequestsLibrary">
<var>${response}</var>
<arg>pets</arg>
<arg>url=/${endpoint}</arg>
<arg>headers=${HEADERS}</arg>
<arg>expected_status=200</arg>
<doc>Sends a DELETE request on a previously created HTTP Session.</doc>
<msg timestamp="20220303 10:36:37.480" level="INFO">DELETE Request : url=https://petstore.swagger.io/v2/store/order/9223372000001087706 
 path_url=/v2/store/order/9223372000001087706 
 headers={'User-Agent': 'python-requests/2.25.1', 'Accept-Encoding': 'gzip, deflate', 'accept': 'application/json', 'Connection': 'keep-alive', 'Content-Type': 'application/json', 'Content-Length': '0'} 
 body=None 
 </msg>
<msg timestamp="20220303 10:36:37.480" level="INFO">DELETE Response : url=https://petstore.swagger.io/v2/store/order/9223372000001087706 
 status=404, reason=Not Found 
 headers={'Date': 'Thu, 03 Mar 2022 15:36:37 GMT', 'Content-Type': 'application/json', 'Transfer-Encoding': 'chunked', 'Connection': 'keep-alive', 'Access-Control-Allow-Origin': '*', 'Access-Control-Allow-Methods': 'GET, POST, DELETE, PUT', 'Access-Control-Allow-Headers': 'Content-Type, api_key, Authorization', 'Server': 'Jetty(9.2.9.v20150224)'} 
 body={"code":404,"type":"unknown","message":"Order Not Found"} 
 </msg>
<msg timestamp="20220303 10:36:37.480" level="INFO">/Library/Frameworks/Python.framework/Versions/3.9/lib/python3.9/site-packages/urllib3/connectionpool.py:1013: InsecureRequestWarning: Unverified HTTPS request is being made to host 'petstore.swagger.io'. Adding certificate verification is strongly advised. See: https://urllib3.readthedocs.io/en/latest/advanced-usage.html#ssl-warnings
  warnings.warn(</msg>
<msg timestamp="20220303 10:36:37.481" level="INFO">${response} = None</msg>
<msg timestamp="20220303 10:36:37.481" level="FAIL">Url: https://petstore.swagger.io/v2/store/order/9223372000001087706 Expected status: 404 != 200</msg>
<status status="FAIL" starttime="20220303 10:36:37.381" endtime="20220303 10:36:37.481"/>
</kw>
<kw name="Set Test Variable" library="BuiltIn">
<arg>${response}</arg>
<doc>Makes a variable available everywhere within the scope of the current test.</doc>
<msg timestamp="20220303 10:36:37.482" level="INFO">${response} = None</msg>
<status status="PASS" starttime="20220303 10:36:37.482" endtime="20220303 10:36:37.482"/>
</kw>
<status status="FAIL" starttime="20220303 10:36:37.380" endtime="20220303 10:36:37.483"/>
</kw>
<kw name="Send a DELETE request" library="API_resources">
<arg>store/order/${order_id}</arg>
<kw name="Create Dictionary" library="BuiltIn">
<var>${HEADERS}</var>
<arg>Content-Type=application/json</arg>
<arg>accept=application/json</arg>
<doc>Creates and returns a dictionary based on the given ``items``.</doc>
<msg timestamp="20220303 10:36:42.485" level="INFO">${HEADERS} = {'Content-Type': 'application/json', 'accept': 'application/json'}</msg>
<status status="PASS" starttime="20220303 10:36:42.485" endtime="20220303 10:36:42.486"/>
</kw>
<kw name="Delete On Session" library="RequestsLibrary">
<var>${response}</var>
<arg>pets</arg>
<arg>url=/${endpoint}</arg>
<arg>headers=${HEADERS}</arg>
<arg>expected_status=200</arg>
<doc>Sends a DELETE request on a previously created HTTP Session.</doc>
<msg timestamp="20220303 10:36:42.593" level="INFO">DELETE Request : url=https://petstore.swagger.io/v2/store/order/9223372000001087706 
 path_url=/v2/store/order/9223372000001087706 
 headers={'User-Agent': 'python-requests/2.25.1', 'Accept-Encoding': 'gzip, deflate', 'accept': 'application/json', 'Connection': 'keep-alive', 'Content-Type': 'application/json', 'Content-Length': '0'} 
 body=None 
 </msg>
<msg timestamp="20220303 10:36:42.594" level="INFO">DELETE Response : url=https://petstore.swagger.io/v2/store/order/9223372000001087706 
 status=404, reason=Not Found 
 headers={'Date': 'Thu, 03 Mar 2022 15:36:42 GMT', 'Content-Type': 'application/json', 'Transfer-Encoding': 'chunked', 'Connection': 'keep-alive', 'Access-Control-Allow-Origin': '*', 'Access-Control-Allow-Methods': 'GET, POST, DELETE, PUT', 'Access-Control-Allow-Headers': 'Content-Type, api_key, Authorization', 'Server': 'Jetty(9.2.9.v20150224)'} 
 body={"code":404,"type":"unknown","message":"Order Not Found"} 
 </msg>
<msg timestamp="20220303 10:36:42.594" level="INFO">/Library/Frameworks/Python.framework/Versions/3.9/lib/python3.9/site-packages/urllib3/connectionpool.py:1013: InsecureRequestWarning: Unverified HTTPS request is being made to host 'petstore.swagger.io'. Adding certificate verification is strongly advised. See: https://urllib3.readthedocs.io/en/latest/advanced-usage.html#ssl-warnings
  warnings.warn(</msg>
<msg timestamp="20220303 10:36:42.594" level="INFO">${response} = None</msg>
<msg timestamp="20220303 10:36:42.595" level="FAIL">Url: https://petstore.swagger.io/v2/store/order/9223372000001087706 Expected status: 404 != 200</msg>
<status status="FAIL" starttime="20220303 10:36:42.486" endtime="20220303 10:36:42.595"/>
</kw>
<kw name="Set Test Variable" library="BuiltIn">
<arg>${response}</arg>
<doc>Makes a variable available everywhere within the scope of the current test.</doc>
<msg timestamp="20220303 10:36:42.596" level="INFO">${response} = None</msg>
<status status="PASS" starttime="20220303 10:36:42.595" endtime="20220303 10:36:42.596"/>
</kw>
<status status="FAIL" starttime="20220303 10:36:42.484" endtime="20220303 10:36:42.596"/>
</kw>
<kw name="Send a DELETE request" library="API_resources">
<arg>store/order/${order_id}</arg>
<kw name="Create Dictionary" library="BuiltIn">
<var>${HEADERS}</var>
<arg>Content-Type=application/json</arg>
<arg>accept=application/json</arg>
<doc>Creates and returns a dictionary based on the given ``items``.</doc>
<msg timestamp="20220303 10:36:47.599" level="INFO">${HEADERS} = {'Content-Type': 'application/json', 'accept': 'application/json'}</msg>
<status status="PASS" starttime="20220303 10:36:47.598" endtime="20220303 10:36:47.599"/>
</kw>
<kw name="Delete On Session" library="RequestsLibrary">
<var>${response}</var>
<arg>pets</arg>
<arg>url=/${endpoint}</arg>
<arg>headers=${HEADERS}</arg>
<arg>expected_status=200</arg>
<doc>Sends a DELETE request on a previously created HTTP Session.</doc>
<msg timestamp="20220303 10:36:47.706" level="INFO">DELETE Request : url=https://petstore.swagger.io/v2/store/order/9223372000001087706 
 path_url=/v2/store/order/9223372000001087706 
 headers={'User-Agent': 'python-requests/2.25.1', 'Accept-Encoding': 'gzip, deflate', 'accept': 'application/json', 'Connection': 'keep-alive', 'Content-Type': 'application/json', 'Content-Length': '0'} 
 body=None 
 </msg>
<msg timestamp="20220303 10:36:47.706" level="INFO">DELETE Response : url=https://petstore.swagger.io/v2/store/order/9223372000001087706 
 status=200, reason=OK 
 headers={'Date': 'Thu, 03 Mar 2022 15:36:47 GMT', 'Content-Type': 'application/json', 'Transfer-Encoding': 'chunked', 'Connection': 'keep-alive', 'Access-Control-Allow-Origin': '*', 'Access-Control-Allow-Methods': 'GET, POST, DELETE, PUT', 'Access-Control-Allow-Headers': 'Content-Type, api_key, Authorization', 'Server': 'Jetty(9.2.9.v20150224)'} 
 body={"code":200,"type":"unknown","message":"9223372000001087706"} 
 </msg>
<msg timestamp="20220303 10:36:47.706" level="INFO">/Library/Frameworks/Python.framework/Versions/3.9/lib/python3.9/site-packages/urllib3/connectionpool.py:1013: InsecureRequestWarning: Unverified HTTPS request is being made to host 'petstore.swagger.io'. Adding certificate verification is strongly advised. See: https://urllib3.readthedocs.io/en/latest/advanced-usage.html#ssl-warnings
  warnings.warn(</msg>
<msg timestamp="20220303 10:36:47.707" level="INFO">${response} = &lt;Response [200]&gt;</msg>
<status status="PASS" starttime="20220303 10:36:47.599" endtime="20220303 10:36:47.707"/>
</kw>
<kw name="Set Test Variable" library="BuiltIn">
<arg>${response}</arg>
<doc>Makes a variable available everywhere within the scope of the current test.</doc>
<msg timestamp="20220303 10:36:47.708" level="INFO">${response} = &lt;Response [200]&gt;</msg>
<status status="PASS" starttime="20220303 10:36:47.707" endtime="20220303 10:36:47.708"/>
</kw>
<status status="PASS" starttime="20220303 10:36:47.597" endtime="20220303 10:36:47.708"/>
</kw>
<status status="PASS" starttime="20220303 10:36:37.380" endtime="20220303 10:36:47.708"/>
</kw>
<kw name="Log" library="BuiltIn">
<arg>${response.content}</arg>
<doc>Logs the given message with the given level.</doc>
<msg timestamp="20220303 10:36:47.709" level="INFO">{"code":200,"type":"unknown","message":"9223372000001087706"}</msg>
<status status="PASS" starttime="20220303 10:36:47.708" endtime="20220303 10:36:47.709"/>
</kw>
<kw name="Get The Json Response Data" library="API_resources">
<kw name="Evaluate" library="BuiltIn">
<var>${response}</var>
<arg>json.loads("""${logs}""")</arg>
<arg>json</arg>
<doc>Evaluates the given expression in Python and returns the result.</doc>
<msg timestamp="20220303 10:36:47.711" level="INFO">${response} = {'code': 200, 'type': 'unknown', 'message': '9223372000001087706'}</msg>
<status status="PASS" starttime="20220303 10:36:47.711" endtime="20220303 10:36:47.711"/>
</kw>
<kw name="Set Test Variable" library="BuiltIn">
<arg>${response}</arg>
<doc>Makes a variable available everywhere within the scope of the current test.</doc>
<msg timestamp="20220303 10:36:47.712" level="INFO">${response} = {'code': 200, 'type': 'unknown', 'message': '9223372000001087706'}</msg>
<status status="PASS" starttime="20220303 10:36:47.711" endtime="20220303 10:36:47.712"/>
</kw>
<status status="PASS" starttime="20220303 10:36:47.709" endtime="20220303 10:36:47.712"/>
</kw>
<kw name="Get attribute value" library="API_resources">
<var>${response_message}</var>
<arg>$.message</arg>
<kw name="Get Value From Json" library="JSONLibrary">
<var>${att_value}</var>
<arg>${source}</arg>
<arg>${att}</arg>
<doc>Get Value From JSON using JSONPath</doc>
<msg timestamp="20220303 10:36:47.739" level="INFO">${att_value} = ['9223372000001087706']</msg>
<status status="PASS" starttime="20220303 10:36:47.713" endtime="20220303 10:36:47.739"/>
</kw>
<kw name="Convert To String" library="BuiltIn">
<var>${att_value}</var>
<arg>${att_value}</arg>
<doc>Converts the given item to a Unicode string.</doc>
<msg timestamp="20220303 10:36:47.739" level="INFO">${att_value} = ['9223372000001087706']</msg>
<status status="PASS" starttime="20220303 10:36:47.739" endtime="20220303 10:36:47.739"/>
</kw>
<kw name="Remove String" library="String">
<var>${att_value}</var>
<arg>${att_value}</arg>
<arg>[</arg>
<arg>'</arg>
<arg>]</arg>
<doc>Removes all ``removables`` from the given ``string``.</doc>
<msg timestamp="20220303 10:36:47.740" level="INFO">${att_value} = 9223372000001087706</msg>
<status status="PASS" starttime="20220303 10:36:47.739" endtime="20220303 10:36:47.740"/>
</kw>
<msg timestamp="20220303 10:36:47.740" level="INFO">${response_message} = 9223372000001087706</msg>
<status status="PASS" starttime="20220303 10:36:47.712" endtime="20220303 10:36:47.740"/>
</kw>
<kw name="Should Be Equal" library="BuiltIn">
<arg>${response_message}</arg>
<arg>${order_id}</arg>
<doc>Fails if the given objects are unequal.</doc>
<status status="PASS" starttime="20220303 10:36:47.740" endtime="20220303 10:36:47.741"/>
</kw>
<status status="PASS" starttime="20220303 10:36:37.380" endtime="20220303 10:36:47.741"/>
</kw>
<tag>id=7</tag>
<status status="PASS" starttime="20220303 10:36:37.164" endtime="20220303 10:36:47.741"/>
</test>
<test id="s1-s1-t4" name="Verify a pet order can be retrieved using the order id">
<kw name="Get the actual date" library="API_resources">
<kw name="Get Current Date" library="DateTime">
<var>${actual_date}</var>
<arg>exclude_millis=yes</arg>
<doc>Returns current local or UTC time with an optional increment.</doc>
<msg timestamp="20220303 10:36:47.742" level="INFO">${actual_date} = 2022-03-03 10:36:48</msg>
<status status="PASS" starttime="20220303 10:36:47.742" endtime="20220303 10:36:47.743"/>
</kw>
<kw name="Convert Date" library="DateTime">
<var>${actual_date}</var>
<arg>${actual_date}</arg>
<arg>result_format=%Y-%m-%d</arg>
<doc>Converts between supported `date formats`.</doc>
<msg timestamp="20220303 10:36:47.743" level="INFO">${actual_date} = 2022-03-03</msg>
<status status="PASS" starttime="20220303 10:36:47.743" endtime="20220303 10:36:47.743"/>
</kw>
<kw name="Set Test Variable" library="BuiltIn">
<arg>${actual_date}</arg>
<doc>Makes a variable available everywhere within the scope of the current test.</doc>
<msg timestamp="20220303 10:36:47.744" level="INFO">${actual_date} = 2022-03-03</msg>
<status status="PASS" starttime="20220303 10:36:47.743" endtime="20220303 10:36:47.744"/>
</kw>
<status status="PASS" starttime="20220303 10:36:47.742" endtime="20220303 10:36:47.744"/>
</kw>
<kw name="Order a pet" library="API_resources">
<kw name="Send a POST request" library="API_resources">
<arg>store/order</arg>
<arg>${body}</arg>
<kw name="Create Dictionary" library="BuiltIn">
<var>${HEADERS}</var>
<arg>Content-Type=application/json</arg>
<arg>accept=application/json</arg>
<doc>Creates and returns a dictionary based on the given ``items``.</doc>
<msg timestamp="20220303 10:36:47.745" level="INFO">${HEADERS} = {'Content-Type': 'application/json', 'accept': 'application/json'}</msg>
<status status="PASS" starttime="20220303 10:36:47.745" endtime="20220303 10:36:47.745"/>
</kw>
<kw name="Post On Session" library="RequestsLibrary">
<var>${response}</var>
<arg>pets</arg>
<arg>url=/${endpoint}</arg>
<arg>headers=${HEADERS}</arg>
<arg>data=${body}</arg>
<arg>expected_status=200</arg>
<doc>Sends a POST request on a previously created HTTP Session.</doc>
<msg timestamp="20220303 10:36:47.844" level="INFO">POST Request : url=https://petstore.swagger.io/v2/store/order 
 path_url=/v2/store/order 
 headers={'User-Agent': 'python-requests/2.25.1', 'Accept-Encoding': 'gzip, deflate', 'accept': 'application/json', 'Connection': 'keep-alive', 'Content-Type': 'application/json', 'Content-Length': '50'} 
 body={"petId":123,"quantity":1,"shipDate":"2022-03-03"} 
 </msg>
<msg timestamp="20220303 10:36:47.844" level="INFO">POST Response : url=https://petstore.swagger.io/v2/store/order 
 status=200, reason=OK 
 headers={'Date': 'Thu, 03 Mar 2022 15:36:47 GMT', 'Content-Type': 'application/json', 'Transfer-Encoding': 'chunked', 'Connection': 'keep-alive', 'Access-Control-Allow-Origin': '*', 'Access-Control-Allow-Methods': 'GET, POST, DELETE, PUT', 'Access-Control-Allow-Headers': 'Content-Type, api_key, Authorization', 'Server': 'Jetty(9.2.9.v20150224)'} 
 body={"id":9223372000001087704,"petId":123,"quantity":1,"shipDate":"2022-03-03T00:00:00.000+0000","complete":false} 
 </msg>
<msg timestamp="20220303 10:36:47.845" level="INFO">/Library/Frameworks/Python.framework/Versions/3.9/lib/python3.9/site-packages/urllib3/connectionpool.py:1013: InsecureRequestWarning: Unverified HTTPS request is being made to host 'petstore.swagger.io'. Adding certificate verification is strongly advised. See: https://urllib3.readthedocs.io/en/latest/advanced-usage.html#ssl-warnings
  warnings.warn(</msg>
<msg timestamp="20220303 10:36:47.845" level="INFO">${response} = &lt;Response [200]&gt;</msg>
<status status="PASS" starttime="20220303 10:36:47.745" endtime="20220303 10:36:47.845"/>
</kw>
<kw name="Set Test Variable" library="BuiltIn">
<arg>${response}</arg>
<doc>Makes a variable available everywhere within the scope of the current test.</doc>
<msg timestamp="20220303 10:36:47.846" level="INFO">${response} = &lt;Response [200]&gt;</msg>
<status status="PASS" starttime="20220303 10:36:47.845" endtime="20220303 10:36:47.846"/>
</kw>
<status status="PASS" starttime="20220303 10:36:47.744" endtime="20220303 10:36:47.846"/>
</kw>
<kw name="Log" library="BuiltIn">
<arg>${response.content}</arg>
<doc>Logs the given message with the given level.</doc>
<msg timestamp="20220303 10:36:47.847" level="INFO">{"id":9223372000001087704,"petId":123,"quantity":1,"shipDate":"2022-03-03T00:00:00.000+0000","complete":false}</msg>
<status status="PASS" starttime="20220303 10:36:47.846" endtime="20220303 10:36:47.847"/>
</kw>
<kw name="Get The Json Response Data" library="API_resources">
<kw name="Evaluate" library="BuiltIn">
<var>${response}</var>
<arg>json.loads("""${logs}""")</arg>
<arg>json</arg>
<doc>Evaluates the given expression in Python and returns the result.</doc>
<msg timestamp="20220303 10:36:47.849" level="INFO">${response} = {'id': 9223372000001087704, 'petId': 123, 'quantity': 1, 'shipDate': '2022-03-03T00:00:00.000+0000', 'complete': False}</msg>
<status status="PASS" starttime="20220303 10:36:47.848" endtime="20220303 10:36:47.849"/>
</kw>
<kw name="Set Test Variable" library="BuiltIn">
<arg>${response}</arg>
<doc>Makes a variable available everywhere within the scope of the current test.</doc>
<msg timestamp="20220303 10:36:47.849" level="INFO">${response} = {'id': 9223372000001087704, 'petId': 123, 'quantity': 1, 'shipDate': '2022-03-03T00:00:00.000+0000', 'complete': False}</msg>
<status status="PASS" starttime="20220303 10:36:47.849" endtime="20220303 10:36:47.850"/>
</kw>
<status status="PASS" starttime="20220303 10:36:47.847" endtime="20220303 10:36:47.850"/>
</kw>
<status status="PASS" starttime="20220303 10:36:47.744" endtime="20220303 10:36:47.850"/>
</kw>
<kw name="Get attribute value" library="API_resources">
<var>${order_id}</var>
<arg>$.id</arg>
<kw name="Get Value From Json" library="JSONLibrary">
<var>${att_value}</var>
<arg>${source}</arg>
<arg>${att}</arg>
<doc>Get Value From JSON using JSONPath</doc>
<msg timestamp="20220303 10:36:47.876" level="INFO">${att_value} = [9223372000001087704]</msg>
<status status="PASS" starttime="20220303 10:36:47.851" endtime="20220303 10:36:47.876"/>
</kw>
<kw name="Convert To String" library="BuiltIn">
<var>${att_value}</var>
<arg>${att_value}</arg>
<doc>Converts the given item to a Unicode string.</doc>
<msg timestamp="20220303 10:36:47.877" level="INFO">${att_value} = [9223372000001087704]</msg>
<status status="PASS" starttime="20220303 10:36:47.877" endtime="20220303 10:36:47.877"/>
</kw>
<kw name="Remove String" library="String">
<var>${att_value}</var>
<arg>${att_value}</arg>
<arg>[</arg>
<arg>'</arg>
<arg>]</arg>
<doc>Removes all ``removables`` from the given ``string``.</doc>
<msg timestamp="20220303 10:36:47.877" level="INFO">${att_value} = 9223372000001087704</msg>
<status status="PASS" starttime="20220303 10:36:47.877" endtime="20220303 10:36:47.877"/>
</kw>
<msg timestamp="20220303 10:36:47.878" level="INFO">${order_id} = 9223372000001087704</msg>
<status status="PASS" starttime="20220303 10:36:47.850" endtime="20220303 10:36:47.878"/>
</kw>
<kw name="Set Test Variable" library="BuiltIn">
<arg>${order_id}</arg>
<doc>Makes a variable available everywhere within the scope of the current test.</doc>
<msg timestamp="20220303 10:36:47.878" level="INFO">${order_id} = 9223372000001087704</msg>
<status status="PASS" starttime="20220303 10:36:47.878" endtime="20220303 10:36:47.878"/>
</kw>
<kw name="Get a pet order" library="API_resources">
<arg>${order_id}</arg>
[...]
</kw>
<kw name="Click Element" library="SeleniumLibrary">
<arg>${element}</arg>
<doc>Click the element identified by ``locator``.</doc>
<msg timestamp="20220303 10:36:54.071" level="INFO">Clicking element '//a[@class="navbar-brand"][contains(text(),'UITAP')]'.</msg>
<status status="PASS" starttime="20220303 10:36:54.071" endtime="20220303 10:36:54.313"/>
</kw>
<status status="PASS" starttime="20220303 10:36:54.053" endtime="20220303 10:36:54.313"/>
</kw>
<kw name="Get Location" library="SeleniumLibrary">
<var>${url}</var>
<doc>Returns the current browser window URL.</doc>
<msg timestamp="20220303 10:36:54.317" level="INFO">${url} = http://www.uitestingplayground.com/</msg>
<status status="PASS" starttime="20220303 10:36:54.314" endtime="20220303 10:36:54.317"/>
</kw>
<kw name="Should Be Equal" library="BuiltIn">
<arg>${url}</arg>
<arg>${ui_test_url}</arg>
<doc>Fails if the given objects are unequal.</doc>
<status status="PASS" starttime="20220303 10:36:54.317" endtime="20220303 10:36:54.317"/>
</kw>
<kw name="Page Should Contain Element" library="SeleniumLibrary">
<arg>${rubik_image}</arg>
<doc>Verifies that element ``locator`` is found on the current page.</doc>
<msg timestamp="20220303 10:36:54.328" level="INFO">Current page contains element '//img[@class="img-fluid"][@src="/static/cube.png"]'.</msg>
<status status="PASS" starttime="20220303 10:36:54.318" endtime="20220303 10:36:54.328"/>
</kw>
<kw name="Select an option" library="UI_resources">
<arg>${menu_home}</arg>
<kw name="Wait Until Element Is Visible" library="SeleniumLibrary">
<arg>${element}</arg>
<doc>Waits until the element ``locator`` is visible.</doc>
<status status="PASS" starttime="20220303 10:36:54.329" endtime="20220303 10:36:54.346"/>
</kw>
<kw name="Click Element" library="SeleniumLibrary">
<arg>${element}</arg>
<doc>Click the element identified by ``locator``.</doc>
<msg timestamp="20220303 10:36:54.347" level="INFO">Clicking element '//a[@class="nav-link"][contains(text(),'Home')]'.</msg>
<status status="PASS" starttime="20220303 10:36:54.347" endtime="20220303 10:36:54.602"/>
</kw>
<status status="PASS" starttime="20220303 10:36:54.328" endtime="20220303 10:36:54.602"/>
</kw>
<kw name="Get Location" library="SeleniumLibrary">
<var>${url}</var>
<doc>Returns the current browser window URL.</doc>
<msg timestamp="20220303 10:36:54.606" level="INFO">${url} = http://www.uitestingplayground.com/home</msg>
<status status="PASS" starttime="20220303 10:36:54.603" endtime="20220303 10:36:54.606"/>
</kw>
<kw name="Should Be Equal" library="BuiltIn">
<arg>${url}</arg>
<arg>${ui_test_url}home</arg>
<doc>Fails if the given objects are unequal.</doc>
<status status="PASS" starttime="20220303 10:36:54.606" endtime="20220303 10:36:54.606"/>
</kw>
<kw name="Page Should Contain Element" library="SeleniumLibrary">
<arg>${rubik_image}</arg>
<doc>Verifies that element ``locator`` is found on the current page.</doc>
<msg timestamp="20220303 10:36:54.613" level="INFO">Current page contains element '//img[@class="img-fluid"][@src="/static/cube.png"]'.</msg>
<status status="PASS" starttime="20220303 10:36:54.607" endtime="20220303 10:36:54.613"/>
</kw>
<kw name="Close Browser" library="SeleniumLibrary" type="TEARDOWN">
<doc>Closes the current browser.</doc>
<status status="PASS" starttime="20220303 10:36:54.613" endtime="20220303 10:36:54.676"/>
</kw>
<tag>id=2</tag>
<status status="PASS" starttime="20220303 10:36:51.560" endtime="20220303 10:36:54.676"/>
</test>
<test id="s1-s2-t3" name="Try the Mouse Over option">
<kw name="Go to the site" library="UI_resources" type="SETUP">
<kw name="Launch Browser" library="UI_resources">
<arg>${ui_test_url}</arg>
<kw name="Evaluate" library="BuiltIn">
<var>${chrome_options}</var>
<arg>sys.modules['selenium.webdriver'].ChromeOptions()</arg>
<arg>sys, selenium.webdriver</arg>
<doc>Evaluates the given expression in Python and returns the result.</doc>
<msg timestamp="20220303 10:36:54.679" level="INFO">${chrome_options} = &lt;selenium.webdriver.chrome.options.Options object at 0x7ff1fc415e20&gt;</msg>
<status status="PASS" starttime="20220303 10:36:54.678" endtime="20220303 10:36:54.679"/>
</kw>
<kw name="Call Method" library="BuiltIn">
<arg>${chrome_options}</arg>
<arg>add_argument</arg>
<arg>--headless</arg>
<doc>Calls the named method of the given object with the provided arguments.</doc>
<status status="PASS" starttime="20220303 10:36:54.679" endtime="20220303 10:36:54.679"/>
</kw>
<kw name="Call Method" library="BuiltIn">
<arg>${chrome_options}</arg>
<arg>add_argument</arg>
<arg>--no-sandbox</arg>
<doc>Calls the named method of the given object with the provided arguments.</doc>
<status status="PASS" starttime="20220303 10:36:54.679" endtime="20220303 10:36:54.680"/>
</kw>
<kw name="Call Method" library="BuiltIn">
<arg>${chrome_options}</arg>
<arg>add_argument</arg>
<arg>--disable-setuid-sandbox</arg>
<doc>Calls the named method of the given object with the provided arguments.</doc>
<status status="PASS" starttime="20220303 10:36:54.680" endtime="20220303 10:36:54.680"/>
</kw>
<kw name="Call Method" library="BuiltIn">
<arg>${chrome_options}</arg>
<arg>add_argument</arg>
<arg>--disable-dev-shm-usage</arg>
<doc>Calls the named method of the given object with the provided arguments.</doc>
<status status="PASS" starttime="20220303 10:36:54.680" endtime="20220303 10:36:54.680"/>
</kw>
<kw name="Call Method" library="BuiltIn">
<arg>${chrome_options}</arg>
<arg>add_argument</arg>
<arg>--disable-extensions</arg>
<doc>Calls the named method of the given object with the provided arguments.</doc>
<status status="PASS" starttime="20220303 10:36:54.680" endtime="20220303 10:36:54.681"/>
</kw>
<kw name="Call Method" library="BuiltIn">
<arg>${chrome_options}</arg>
<arg>add_argument</arg>
<arg>--disable-gpu</arg>
<doc>Calls the named method of the given object with the provided arguments.</doc>
<status status="PASS" starttime="20220303 10:36:54.681" endtime="20220303 10:36:54.681"/>
</kw>
<kw name="Open Browser" library="SeleniumLibrary">
<arg>${url}</arg>
<arg>browser=${BROWSER_TYPE}</arg>
<arg>options=${chrome_options}</arg>
<doc>Opens a new browser instance to the optional ``url``.</doc>
<msg timestamp="20220303 10:36:54.682" level="INFO">Opening browser 'chrome' to base url 'http://www.uitestingplayground.com/'.</msg>
<status status="PASS" starttime="20220303 10:36:54.681" endtime="20220303 10:36:56.695"/>
</kw>
<kw name="Set Window Size" library="SeleniumLibrary">
<arg>1541</arg>
<arg>942</arg>
<doc>Sets current windows size to given ``width`` and ``height``.</doc>
<status status="PASS" starttime="20220303 10:36:56.696" endtime="20220303 10:36:56.802"/>
</kw>
<status status="PASS" starttime="20220303 10:36:54.678" endtime="20220303 10:36:56.802"/>
</kw>
<status status="PASS" starttime="20220303 10:36:54.678" endtime="20220303 10:36:56.803"/>
</kw>
<kw name="Generate a Number" library="UI_resources">
<var>${value}</var>
<kw name="Generate Random String" library="String">
<var>${number}</var>
<arg>1</arg>
<arg>[NUMBERS]</arg>
<doc>Generates a string with a desired ``length`` from the given ``chars``.</doc>
<msg timestamp="20220303 10:36:56.804" level="INFO">${number} = 6</msg>
<status status="PASS" starttime="20220303 10:36:56.803" endtime="20220303 10:36:56.804"/>
</kw>
<kw name="Set Variable" library="BuiltIn">
<var>${number}</var>
<arg>${number}</arg>
<doc>Returns the given values which can then be assigned to a variables.</doc>
<msg timestamp="20220303 10:36:56.804" level="INFO">${number} = 6</msg>
<status status="PASS" starttime="20220303 10:36:56.804" endtime="20220303 10:36:56.804"/>
</kw>
<msg timestamp="20220303 10:36:56.805" level="INFO">${value} = 6</msg>
<status status="PASS" starttime="20220303 10:36:56.803" endtime="20220303 10:36:56.805"/>
</kw>
<kw name="Select an option" library="UI_resources">
<arg>${mouse_over_option}</arg>
<kw name="Wait Until Element Is Visible" library="SeleniumLibrary">
<arg>${element}</arg>
<doc>Waits until the element ``locator`` is visible.</doc>
<status status="PASS" starttime="20220303 10:36:56.806" endtime="20220303 10:36:56.830"/>
</kw>
<kw name="Click Element" library="SeleniumLibrary">
<arg>${element}</arg>
<doc>Click the element identified by ``locator``.</doc>
<msg timestamp="20220303 10:36:56.830" level="INFO">Clicking element '//*[@href="/mouseover"][contains(text(),'Mouse Over')]'.</msg>
<status status="PASS" starttime="20220303 10:36:56.830" endtime="20220303 10:36:57.153"/>
</kw>
<status status="PASS" starttime="20220303 10:36:56.805" endtime="20220303 10:36:57.153"/>
</kw>
<kw name="Repeat Keyword" library="BuiltIn">
<arg>${value} times</arg>
<arg>Click element</arg>
<arg>${click_me_button}</arg>
<doc>Executes the specified keyword multiple times.</doc>
<msg timestamp="20220303 10:36:57.154" level="INFO">Repeating keyword, round 1/6.</msg>
<kw name="Click Element" library="SeleniumLibrary">
<arg>${click_me_button}</arg>
<doc>Click the element identified by ``locator``.</doc>
<msg timestamp="20220303 10:36:57.154" level="INFO">Clicking element '//a[contains(text(),'Click me')]'.</msg>
<status status="PASS" starttime="20220303 10:36:57.154" endtime="20220303 10:36:57.226"/>
</kw>
<msg timestamp="20220303 10:36:57.226" level="INFO">Repeating keyword, round 2/6.</msg>
<kw name="Click Element" library="SeleniumLibrary">
<arg>${click_me_button}</arg>
<doc>Click the element identified by ``locator``.</doc>
<msg timestamp="20220303 10:36:57.226" level="INFO">Clicking element '//a[contains(text(),'Click me')]'.</msg>
<status status="PASS" starttime="20220303 10:36:57.226" endtime="20220303 10:36:57.246"/>
</kw>
<msg timestamp="20220303 10:36:57.246" level="INFO">Repeating keyword, round 3/6.</msg>
<kw name="Click Element" library="SeleniumLibrary">
<arg>${click_me_button}</arg>
<doc>Click the element identified by ``locator``.</doc>
<msg timestamp="20220303 10:36:57.247" level="INFO">Clicking element '//a[contains(text(),'Click me')]'.</msg>
<status status="PASS" starttime="20220303 10:36:57.247" endtime="20220303 10:36:57.259"/>
</kw>
<msg timestamp="20220303 10:36:57.259" level="INFO">Repeating keyword, round 4/6.</msg>
<kw name="Click Element" library="SeleniumLibrary">
<arg>${click_me_button}</arg>
<doc>Click the element identified by ``locator``.</doc>
<msg timestamp="20220303 10:36:57.260" level="INFO">Clicking element '//a[contains(text(),'Click me')]'.</msg>
<status status="PASS" starttime="20220303 10:36:57.259" endtime="20220303 10:36:57.273"/>
</kw>
<msg timestamp="20220303 10:36:57.273" level="INFO">Repeating keyword, round 5/6.</msg>
<kw name="Click Element" library="SeleniumLibrary">
<arg>${click_me_button}</arg>
<doc>Click the element identified by ``locator``.</doc>
<msg timestamp="20220303 10:36:57.273" level="INFO">Clicking element '//a[contains(text(),'Click me')]'.</msg>
<status status="PASS" starttime="20220303 10:36:57.273" endtime="20220303 10:36:57.285"/>
</kw>
<msg timestamp="20220303 10:36:57.285" level="INFO">Repeating keyword, round 6/6.</msg>
<kw name="Click Element" library="SeleniumLibrary">
<arg>${click_me_button}</arg>
<doc>Click the element identified by ``locator``.</doc>
<msg timestamp="20220303 10:36:57.286" level="INFO">Clicking element '//a[contains(text(),'Click me')]'.</msg>
<status status="PASS" starttime="20220303 10:36:57.286" endtime="20220303 10:36:57.298"/>
</kw>
<status status="PASS" starttime="20220303 10:36:57.153" endtime="20220303 10:36:57.298"/>
</kw>
<kw name="Page Should Contain Element" library="SeleniumLibrary">
<arg>//*[@id="clickCount"][contains(text(),'${value}')]</arg>
<doc>Verifies that element ``locator`` is found on the current page.</doc>
<msg timestamp="20220303 10:36:57.305" level="INFO">Current page contains element '//*[@id="clickCount"][contains(text(),'6')]'.</msg>
<status status="PASS" starttime="20220303 10:36:57.298" endtime="20220303 10:36:57.305"/>
</kw>
<kw name="Close Browser" library="SeleniumLibrary" type="TEARDOWN">
<doc>Closes the current browser.</doc>
<status status="PASS" starttime="20220303 10:36:57.306" endtime="20220303 10:36:57.367"/>
</kw>
<tag>id=3</tag>
<status status="PASS" starttime="20220303 10:36:54.677" endtime="20220303 10:36:57.367"/>
</test>
<test id="s1-s2-t4" name="Verify the mobile menu">
<kw name="Go to the site" library="UI_resources" type="SETUP">
<kw name="Launch Browser" library="UI_resources">
<arg>${ui_test_url}</arg>
<kw name="Evaluate" library="BuiltIn">
<var>${chrome_options}</var>
<arg>sys.modules['selenium.webdriver'].ChromeOptions()</arg>
<arg>sys, selenium.webdriver</arg>
<doc>Evaluates the given expression in Python and returns the result.</doc>
<msg timestamp="20220303 10:36:57.370" level="INFO">${chrome_options} = &lt;selenium.webdriver.chrome.options.Options object at 0x7ff1fc41bfd0&gt;</msg>
<status status="PASS" starttime="20220303 10:36:57.369" endtime="20220303 10:36:57.370"/>
</kw>
<kw name="Call Method" library="BuiltIn">
<arg>${chrome_options}</arg>
<arg>add_argument</arg>
<arg>--headless</arg>
<doc>Calls the named method of the given object with the provided arguments.</doc>
<status status="PASS" starttime="20220303 10:36:57.370" endtime="20220303 10:36:57.370"/>
</kw>
<kw name="Call Method" library="BuiltIn">
<arg>${chrome_options}</arg>
<arg>add_argument</arg>
<arg>--no-sandbox</arg>
<doc>Calls the named method of the given object with the provided arguments.</doc>
<status status="PASS" starttime="20220303 10:36:57.370" endtime="20220303 10:36:57.371"/>
</kw>
<kw name="Call Method" library="BuiltIn">
<arg>${chrome_options}</arg>
<arg>add_argument</arg>
<arg>--disable-setuid-sandbox</arg>
<doc>Calls the named method of the given object with the provided arguments.</doc>
<status status="PASS" starttime="20220303 10:36:57.371" endtime="20220303 10:36:57.371"/>
</kw>
<kw name="Call Method" library="BuiltIn">
<arg>${chrome_options}</arg>
<arg>add_argument</arg>
<arg>--disable-dev-shm-usage</arg>
<doc>Calls the named method of the given object with the provided arguments.</doc>
<status status="PASS" starttime="20220303 10:36:57.371" endtime="20220303 10:36:57.371"/>
</kw>
<kw name="Call Method" library="BuiltIn">
<arg>${chrome_options}</arg>
<arg>add_argument</arg>
<arg>--disable-extensions</arg>
<doc>Calls the named method of the given object with the provided arguments.</doc>
<status status="PASS" starttime="20220303 10:36:57.371" endtime="20220303 10:36:57.372"/>
</kw>
<kw name="Call Method" library="BuiltIn">
<arg>${chrome_options}</arg>
<arg>add_argument</arg>
<arg>--disable-gpu</arg>
<doc>Calls the named method of the given object with the provided arguments.</doc>
<status status="PASS" starttime="20220303 10:36:57.372" endtime="20220303 10:36:57.372"/>
</kw>
<kw name="Open Browser" library="SeleniumLibrary">
<arg>${url}</arg>
<arg>browser=${BROWSER_TYPE}</arg>
<arg>options=${chrome_options}</arg>
<doc>Opens a new browser instance to the optional ``url``.</doc>
<msg timestamp="20220303 10:36:57.373" level="INFO">Opening browser 'chrome' to base url 'http://www.uitestingplayground.com/'.</msg>
<status status="PASS" starttime="20220303 10:36:57.372" endtime="20220303 10:37:00.021"/>
</kw>
<kw name="Set Window Size" library="SeleniumLibrary">
<arg>1541</arg>
<arg>942</arg>
<doc>Sets current windows size to given ``width`` and ``height``.</doc>
<status status="PASS" starttime="20220303 10:37:00.021" endtime="20220303 10:37:00.129"/>
</kw>
<status status="PASS" starttime="20220303 10:36:57.369" endtime="20220303 10:37:00.129"/>
</kw>
<status status="PASS" starttime="20220303 10:36:57.369" endtime="20220303 10:37:00.129"/>
</kw>
<kw name="Set Window Size" library="SeleniumLibrary">
<arg>400</arg>
<arg>855</arg>
<doc>Sets current windows size to given ``width`` and ``height``.</doc>
<status status="PASS" starttime="20220303 10:37:00.130" endtime="20220303 10:37:00.235"/>
</kw>
<kw name="Select an option" library="UI_resources">
<arg>${mobile_menu}</arg>
<kw name="Wait Until Element Is Visible" library="SeleniumLibrary">
<arg>${element}</arg>
<doc>Waits until the element ``locator`` is visible.</doc>
<status status="PASS" starttime="20220303 10:37:00.236" endtime="20220303 10:37:00.260"/>
</kw>
<kw name="Click Element" library="SeleniumLibrary">
<arg>${element}</arg>
<doc>Click the element identified by ``locator``.</doc>
<msg timestamp="20220303 10:37:00.261" level="INFO">Clicking element '//button[@class="navbar-toggler"]'.</msg>
<status status="PASS" starttime="20220303 10:37:00.261" endtime="20220303 10:37:00.337"/>
</kw>
<status status="PASS" starttime="20220303 10:37:00.235" endtime="20220303 10:37:00.337"/>
</kw>
<kw name="Page Should Contain Element" library="SeleniumLibrary">
<arg>${menu_home}</arg>
<doc>Verifies that element ``locator`` is found on the current page.</doc>
<msg timestamp="20220303 10:37:00.345" level="INFO">Current page contains element '//a[@class="nav-link"][contains(text(),'Home')]'.</msg>
<status status="PASS" starttime="20220303 10:37:00.337" endtime="20220303 10:37:00.345"/>
</kw>
<kw name="Page Should Contain Element" library="SeleniumLibrary">
<arg>${menu_resources}</arg>
<doc>Verifies that element ``locator`` is found on the current page.</doc>
<msg timestamp="20220303 10:37:00.354" level="INFO">Current page contains element '//a[@class="nav-link"][contains(text(),'Resources')]'.</msg>
<status status="PASS" starttime="20220303 10:37:00.345" endtime="20220303 10:37:00.354"/>
</kw>
<kw name="Select an option" library="UI_resources">
<arg>${menu_resources}</arg>
<kw name="Wait Until Element Is Visible" library="SeleniumLibrary">
<arg>${element}</arg>
<doc>Waits until the element ``locator`` is visible.</doc>
<status status="PASS" starttime="20220303 10:37:00.355" endtime="20220303 10:37:00.591"/>
</kw>
<kw name="Click Element" library="SeleniumLibrary">
<arg>${element}</arg>
<doc>Click the element identified by ``locator``.</doc>
<msg timestamp="20220303 10:37:00.591" level="INFO">Clicking element '//a[@class="nav-link"][contains(text(),'Resources')]'.</msg>
<status status="PASS" starttime="20220303 10:37:00.591" endtime="20220303 10:37:00.859"/>
</kw>
<status status="PASS" starttime="20220303 10:37:00.354" endtime="20220303 10:37:00.859"/>
</kw>
<kw name="Page Should Contain Element" library="SeleniumLibrary">
<arg>${mobile_menu}</arg>
<doc>Verifies that element ``locator`` is found on the current page.</doc>
<msg timestamp="20220303 10:37:00.865" level="INFO">Current page contains element '//button[@class="navbar-toggler"]'.</msg>
<status status="PASS" starttime="20220303 10:37:00.860" endtime="20220303 10:37:00.865"/>
</kw>
<kw name="Close Browser" library="SeleniumLibrary" type="TEARDOWN">
<doc>Closes the current browser.</doc>
<status status="PASS" starttime="20220303 10:37:00.865" endtime="20220303 10:37:00.928"/>
</kw>
<tag>id=4</tag>
<status status="PASS" starttime="20220303 10:36:57.368" endtime="20220303 10:37:00.928"/>
</test>
<status status="PASS" starttime="20220303 10:36:48.859" endtime="20220303 10:37:00.929"/>
</suite>
<status status="PASS" starttime="20220303 10:36:20.571" endtime="20220303 10:37:00.932"/>
</suite>
<statistics>
<total>
<stat pass="10" fail="0" skip="0">All Tests</stat>
</total>
<tag>
<stat pass="1" fail="0" skip="0">id=1</stat>
<stat pass="1" fail="0" skip="0">id=10</stat>
<stat pass="1" fail="0" skip="0">id=2</stat>
<stat pass="1" fail="0" skip="0">id=3</stat>
<stat pass="1" fail="0" skip="0">id=4</stat>
<stat pass="1" fail="0" skip="0">id=5</stat>
<stat pass="1" fail="0" skip="0">id=6</stat>
<stat pass="1" fail="0" skip="0">id=7</stat>
<stat pass="1" fail="0" skip="0">id=8</stat>
<stat pass="1" fail="0" skip="0">id=9</stat>
</tag>
<suite>
<stat pass="10" fail="0" skip="0" id="s1" name="TestSuite">TestSuite</stat>
<stat pass="6" fail="0" skip="0" id="s1-s1" name="API TestCases">TestSuite.API TestCases</stat>
<stat pass="4" fail="0" skip="0" id="s1-s2" name="UI TestCases">TestSuite.UI TestCases</stat>
</suite>
</statistics>
<errors>
</errors>
</robot>
